{"/home/travis/build/npmtest/node-npmtest-webpack-isomorphic-tools/test.js":{"path":"/home/travis/build/npmtest/node-npmtest-webpack-isomorphic-tools/test.js","s":{"1":2,"2":2,"3":2,"4":2,"5":2,"6":2,"7":2,"8":1,"9":2,"10":2,"11":1,"12":1,"13":1,"14":1,"15":2,"16":2,"17":2,"18":2,"19":1,"20":1,"21":2,"22":2,"23":2,"24":1,"25":1,"26":1,"27":1,"28":1,"29":1,"30":1,"31":1,"32":1,"33":1,"34":1,"35":1,"36":1,"37":1,"38":1,"39":2,"40":2,"41":1,"42":2,"43":2,"44":1,"45":2,"46":2,"47":1,"48":2,"49":2,"50":1,"51":1,"52":1,"53":1,"54":1},"b":{"1":[2,1,1,1],"2":[1,1,1,1],"3":[1,1],"4":[1,1],"5":[1,1],"6":[1,1],"7":[1,1],"8":[1,1],"9":[1,1],"10":[1,1,1],"11":[1,1],"12":[1,1],"13":[1,1],"14":[1,1],"15":[1,1],"16":[1,1],"17":[1,1]},"f":{"1":2,"2":2,"3":2,"4":2,"5":2,"6":1,"7":1,"8":1,"9":2,"10":2,"11":2,"12":2,"13":1},"fnMap":{"1":{"name":"(anonymous_1)","line":12,"loc":{"start":{"line":12,"column":1},"end":{"line":12,"column":13}}},"2":{"name":"(anonymous_2)","line":19,"loc":{"start":{"line":19,"column":5},"end":{"line":19,"column":17}}},"3":{"name":"(anonymous_3)","line":23,"loc":{"start":{"line":23,"column":24},"end":{"line":23,"column":36}}},"4":{"name":"(anonymous_4)","line":61,"loc":{"start":{"line":61,"column":5},"end":{"line":61,"column":17}}},"5":{"name":"(anonymous_5)","line":82,"loc":{"start":{"line":82,"column":5},"end":{"line":82,"column":17}}},"6":{"name":"(anonymous_6)","line":91,"loc":{"start":{"line":91,"column":77},"end":{"line":94,"column":10}}},"7":{"name":"(anonymous_7)","line":112,"loc":{"start":{"line":112,"column":83},"end":{"line":115,"column":10}},"skip":true},"8":{"name":"(anonymous_8)","line":123,"loc":{"start":{"line":123,"column":77},"end":{"line":126,"column":10}},"skip":true},"9":{"name":"(anonymous_9)","line":139,"loc":{"start":{"line":139,"column":12},"end":{"line":139,"column":40}},"skip":true},"10":{"name":"(anonymous_10)","line":147,"loc":{"start":{"line":147,"column":77},"end":{"line":150,"column":10}},"skip":true},"11":{"name":"(anonymous_11)","line":158,"loc":{"start":{"line":158,"column":83},"end":{"line":161,"column":10}},"skip":true},"12":{"name":"(anonymous_12)","line":169,"loc":{"start":{"line":169,"column":79},"end":{"line":172,"column":10}},"skip":true},"13":{"name":"(anonymous_13)","line":180,"loc":{"start":{"line":180,"column":75},"end":{"line":183,"column":10}},"skip":true}},"statementMap":{"1":{"start":{"line":12,"column":0},"end":{"line":195,"column":5}},"2":{"start":{"line":14,"column":4},"end":{"line":14,"column":14}},"3":{"start":{"line":19,"column":4},"end":{"line":56,"column":9}},"4":{"start":{"line":21,"column":8},"end":{"line":21,"column":19}},"5":{"start":{"line":23,"column":8},"end":{"line":35,"column":13}},"6":{"start":{"line":24,"column":12},"end":{"line":34,"column":13}},"7":{"start":{"line":25,"column":16},"end":{"line":28,"column":30}},"8":{"start":{"line":30,"column":16},"end":{"line":33,"column":27}},"9":{"start":{"line":37,"column":8},"end":{"line":39,"column":21}},"10":{"start":{"line":40,"column":8},"end":{"line":53,"column":9}},"11":{"start":{"line":43,"column":12},"end":{"line":46,"column":14}},"12":{"start":{"line":47,"column":12},"end":{"line":47,"column":18}},"13":{"start":{"line":50,"column":12},"end":{"line":51,"column":46}},"14":{"start":{"line":52,"column":12},"end":{"line":52,"column":18}},"15":{"start":{"line":55,"column":8},"end":{"line":55,"column":35}},"16":{"start":{"line":61,"column":4},"end":{"line":63,"column":9}},"17":{"start":{"line":62,"column":8},"end":{"line":62,"column":15}},"18":{"start":{"line":64,"column":4},"end":{"line":77,"column":5}},"19":{"start":{"line":70,"column":8},"end":{"line":70,"column":14}},"20":{"start":{"line":76,"column":8},"end":{"line":76,"column":14}},"21":{"start":{"line":82,"column":4},"end":{"line":84,"column":9}},"22":{"start":{"line":83,"column":8},"end":{"line":83,"column":15}},"23":{"start":{"line":85,"column":4},"end":{"line":194,"column":5}},"24":{"start":{"line":91,"column":8},"end":{"line":99,"column":10}},"25":{"start":{"line":98,"column":12},"end":{"line":98,"column":35}},"26":{"start":{"line":102,"column":8},"end":{"line":104,"column":63}},"27":{"start":{"line":105,"column":8},"end":{"line":105,"column":14}},"28":{"start":{"line":112,"column":8},"end":{"line":121,"column":10},"skip":true},"29":{"start":{"line":119,"column":12},"end":{"line":119,"column":55},"skip":true},"30":{"start":{"line":120,"column":12},"end":{"line":120,"column":48},"skip":true},"31":{"start":{"line":123,"column":8},"end":{"line":136,"column":10},"skip":true},"32":{"start":{"line":130,"column":12},"end":{"line":130,"column":76},"skip":true},"33":{"start":{"line":131,"column":12},"end":{"line":131,"column":73},"skip":true},"34":{"start":{"line":132,"column":12},"end":{"line":132,"column":74},"skip":true},"35":{"start":{"line":133,"column":12},"end":{"line":133,"column":79},"skip":true},"36":{"start":{"line":134,"column":12},"end":{"line":134,"column":25},"skip":true},"37":{"start":{"line":135,"column":12},"end":{"line":135,"column":45},"skip":true},"38":{"start":{"line":138,"column":8},"end":{"line":145,"column":14},"skip":true},"39":{"start":{"line":143,"column":16},"end":{"line":143,"column":29},"skip":true},"40":{"start":{"line":144,"column":16},"end":{"line":144,"column":55},"skip":true},"41":{"start":{"line":147,"column":8},"end":{"line":156,"column":10},"skip":true},"42":{"start":{"line":154,"column":12},"end":{"line":154,"column":25},"skip":true},"43":{"start":{"line":155,"column":12},"end":{"line":155,"column":45},"skip":true},"44":{"start":{"line":158,"column":8},"end":{"line":167,"column":10},"skip":true},"45":{"start":{"line":165,"column":12},"end":{"line":165,"column":25},"skip":true},"46":{"start":{"line":166,"column":12},"end":{"line":166,"column":48},"skip":true},"47":{"start":{"line":169,"column":8},"end":{"line":178,"column":10},"skip":true},"48":{"start":{"line":176,"column":12},"end":{"line":176,"column":25},"skip":true},"49":{"start":{"line":177,"column":12},"end":{"line":177,"column":46},"skip":true},"50":{"start":{"line":180,"column":8},"end":{"line":189,"column":10},"skip":true},"51":{"start":{"line":187,"column":12},"end":{"line":187,"column":94},"skip":true},"52":{"start":{"line":188,"column":12},"end":{"line":188,"column":48},"skip":true},"53":{"start":{"line":192,"column":8},"end":{"line":192,"column":35},"skip":true},"54":{"start":{"line":193,"column":8},"end":{"line":193,"column":14},"skip":true}},"branchMap":{"1":{"line":25,"type":"binary-expr","locations":[{"start":{"line":25,"column":23},"end":{"line":25,"column":62}},{"start":{"line":26,"column":20},"end":{"line":26,"column":70}},{"start":{"line":27,"column":20},"end":{"line":27,"column":71}},{"start":{"line":28,"column":20},"end":{"line":28,"column":29}}]},"2":{"line":30,"type":"binary-expr","locations":[{"start":{"line":30,"column":23},"end":{"line":30,"column":37}},{"start":{"line":31,"column":20},"end":{"line":31,"column":61}},{"start":{"line":32,"column":20},"end":{"line":32,"column":70}},{"start":{"line":33,"column":20},"end":{"line":33,"column":26}}]},"3":{"line":37,"type":"cond-expr","locations":[{"start":{"line":38,"column":14},"end":{"line":38,"column":20}},{"start":{"line":39,"column":14},"end":{"line":39,"column":20}}]},"4":{"line":40,"type":"switch","locations":[{"start":{"line":42,"column":8},"end":{"line":47,"column":18}},{"start":{"line":49,"column":8},"end":{"line":52,"column":18}}]},"5":{"line":44,"type":"binary-expr","locations":[{"start":{"line":44,"column":16},"end":{"line":44,"column":44}},{"start":{"line":44,"column":48},"end":{"line":44,"column":66}}]},"6":{"line":50,"type":"binary-expr","locations":[{"start":{"line":50,"column":21},"end":{"line":50,"column":49}},{"start":{"line":50,"column":53},"end":{"line":50,"column":72}}]},"7":{"line":64,"type":"switch","locations":[{"start":{"line":69,"column":4},"end":{"line":70,"column":14}},{"start":{"line":75,"column":4},"end":{"line":76,"column":14}}]},"8":{"line":85,"type":"switch","locations":[{"start":{"line":90,"column":4},"end":{"line":105,"column":14}},{"start":{"line":111,"column":4},"end":{"line":193,"column":14},"skip":true}]},"9":{"line":91,"type":"binary-expr","locations":[{"start":{"line":91,"column":42},"end":{"line":91,"column":73}},{"start":{"line":91,"column":77},"end":{"line":99,"column":9}}]},"10":{"line":102,"type":"binary-expr","locations":[{"start":{"line":102,"column":18},"end":{"line":102,"column":32}},{"start":{"line":103,"column":12},"end":{"line":103,"column":53}},{"start":{"line":104,"column":12},"end":{"line":104,"column":61}}]},"11":{"line":112,"type":"binary-expr","locations":[{"start":{"line":112,"column":45},"end":{"line":112,"column":79},"skip":true},{"start":{"line":112,"column":83},"end":{"line":121,"column":9},"skip":true}]},"12":{"line":123,"type":"binary-expr","locations":[{"start":{"line":123,"column":42},"end":{"line":123,"column":73},"skip":true},{"start":{"line":123,"column":77},"end":{"line":136,"column":9},"skip":true}]},"13":{"line":138,"type":"binary-expr","locations":[{"start":{"line":138,"column":48},"end":{"line":138,"column":85},"skip":true},{"start":{"line":139,"column":12},"end":{"line":145,"column":13},"skip":true}]},"14":{"line":147,"type":"binary-expr","locations":[{"start":{"line":147,"column":42},"end":{"line":147,"column":73},"skip":true},{"start":{"line":147,"column":77},"end":{"line":156,"column":9},"skip":true}]},"15":{"line":158,"type":"binary-expr","locations":[{"start":{"line":158,"column":45},"end":{"line":158,"column":79},"skip":true},{"start":{"line":158,"column":83},"end":{"line":167,"column":9},"skip":true}]},"16":{"line":169,"type":"binary-expr","locations":[{"start":{"line":169,"column":43},"end":{"line":169,"column":75},"skip":true},{"start":{"line":169,"column":79},"end":{"line":178,"column":9},"skip":true}]},"17":{"line":180,"type":"binary-expr","locations":[{"start":{"line":180,"column":41},"end":{"line":180,"column":71},"skip":true},{"start":{"line":180,"column":75},"end":{"line":189,"column":9},"skip":true}]}},"code":["/* istanbul instrument in package npmtest_webpack_isomorphic_tools */","/*jslint","    bitwise: true,","    browser: true,","    maxerr: 8,","    maxlen: 96,","    node: true,","    nomen: true,","    regexp: true,","    stupid: true","*/","(function () {","    'use strict';","    var local;","","","","    // run shared js-env code - pre-init","    (function () {","        // init local","        local = {};","        // init modeJs","        local.modeJs = (function () {","            try {","                return typeof navigator.userAgent === 'string' &&","                    typeof document.querySelector('body') === 'object' &&","                    typeof XMLHttpRequest.prototype.open === 'function' &&","                    'browser';","            } catch (errorCaughtBrowser) {","                return module.exports &&","                    typeof process.versions.node === 'string' &&","                    typeof require('http').createServer === 'function' &&","                    'node';","            }","        }());","        // init global","        local.global = local.modeJs === 'browser'","            ? window","            : global;","        switch (local.modeJs) {","        // re-init local from window.local","        case 'browser':","            local = local.global.utility2.objectSetDefault(","                local.global.utility2_rollup || local.global.local,","                local.global.utility2","            );","            break;","        // re-init local from example.js","        case 'node':","            local = (local.global.utility2_rollup || require('utility2'))","                .requireExampleJsFromReadme();","            break;","        }","        // export local","        local.global.local = local;","    }());","","","","    // run shared js-env code - function","    (function () {","        return;","    }());","    switch (local.modeJs) {","","","","    // run browser js-env code - function","    case 'browser':","        break;","","","","    // run node js-env code - function","    case 'node':","        break;","    }","","","","    // run shared js-env code - post-init","    (function () {","        return;","    }());","    switch (local.modeJs) {","","","","    // run browser js-env code - post-init","    case 'browser':","        local.testCase_browser_nullCase = local.testCase_browser_nullCase || function (","            options,","            onError","        ) {","        /*","         * this function will test browsers's null-case handling-behavior-behavior","         */","            onError(null, options);","        };","","        // run tests","        local.nop(local.modeTest &&","            document.querySelector('#testRunButton1') &&","            document.querySelector('#testRunButton1').click());","        break;","","","","    // run node js-env code - post-init","    /* istanbul ignore next */","    case 'node':","        local.testCase_buildApidoc_default = local.testCase_buildApidoc_default || function (","            options,","            onError","        ) {","        /*","         * this function will test buildApidoc's default handling-behavior-behavior","         */","            options = { modulePathList: module.paths };","            local.buildApidoc(options, onError);","        };","","        local.testCase_buildApp_default = local.testCase_buildApp_default || function (","            options,","            onError","        ) {","        /*","         * this function will test buildApp's default handling-behavior-behavior","         */","            local.testCase_buildReadme_default(options, local.onErrorThrow);","            local.testCase_buildLib_default(options, local.onErrorThrow);","            local.testCase_buildTest_default(options, local.onErrorThrow);","            local.testCase_buildCustomOrg_default(options, local.onErrorThrow);","            options = [];","            local.buildApp(options, onError);","        };","","        local.testCase_buildCustomOrg_default = local.testCase_buildCustomOrg_default ||","            function (options, onError) {","            /*","             * this function will test buildCustomOrg's default handling-behavior","             */","                options = {};","                local.buildCustomOrg(options, onError);","            };","","        local.testCase_buildLib_default = local.testCase_buildLib_default || function (","            options,","            onError","        ) {","        /*","         * this function will test buildLib's default handling-behavior","         */","            options = {};","            local.buildLib(options, onError);","        };","","        local.testCase_buildReadme_default = local.testCase_buildReadme_default || function (","            options,","            onError","        ) {","        /*","         * this function will test buildReadme's default handling-behavior-behavior","         */","            options = {};","            local.buildReadme(options, onError);","        };","","        local.testCase_buildTest_default = local.testCase_buildTest_default || function (","            options,","            onError","        ) {","        /*","         * this function will test buildTest's default handling-behavior","         */","            options = {};","            local.buildTest(options, onError);","        };","","        local.testCase_webpage_default = local.testCase_webpage_default || function (","            options,","            onError","        ) {","        /*","         * this function will test webpage's default handling-behavior","         */","            options = { modeCoverageMerge: true, url: local.serverLocalHost + '?modeTest=1' };","            local.browserTest(options, onError);","        };","","        // run test-server","        local.testRunServer(local);","        break;","    }","}());",""],"l":{"12":2,"14":2,"19":2,"21":2,"23":2,"24":2,"25":2,"30":1,"37":2,"40":2,"43":1,"47":1,"50":1,"52":1,"55":2,"61":2,"62":2,"64":2,"70":1,"76":1,"82":2,"83":2,"85":2,"91":1,"98":1,"102":1,"105":1,"112":1,"119":1,"120":1,"123":1,"130":1,"131":1,"132":1,"133":1,"134":1,"135":1,"138":1,"143":2,"144":2,"147":1,"154":2,"155":2,"158":1,"165":2,"166":2,"169":1,"176":2,"177":2,"180":1,"187":1,"188":1,"192":1,"193":1}},"/home/travis/build/npmtest/node-npmtest-webpack-isomorphic-tools/lib.npmtest_webpack_isomorphic_tools.js":{"path":"/home/travis/build/npmtest/node-npmtest-webpack-isomorphic-tools/lib.npmtest_webpack_isomorphic_tools.js","s":{"1":2,"2":2,"3":2,"4":2,"5":2,"6":2,"7":2,"8":1,"9":2,"10":2,"11":2,"12":2,"13":1,"14":1,"15":1,"16":1},"b":{"1":[2,1,1,1],"2":[1,1,1,1],"3":[1,1],"4":[2,2],"5":[1,1]},"f":{"1":2,"2":2,"3":2},"fnMap":{"1":{"name":"(anonymous_1)","line":12,"loc":{"start":{"line":12,"column":1},"end":{"line":12,"column":13}}},"2":{"name":"(anonymous_2)","line":19,"loc":{"start":{"line":19,"column":5},"end":{"line":19,"column":17}}},"3":{"name":"(anonymous_3)","line":23,"loc":{"start":{"line":23,"column":24},"end":{"line":23,"column":36}}}},"statementMap":{"1":{"start":{"line":12,"column":0},"end":{"line":53,"column":5}},"2":{"start":{"line":14,"column":4},"end":{"line":14,"column":14}},"3":{"start":{"line":19,"column":4},"end":{"line":52,"column":9}},"4":{"start":{"line":21,"column":8},"end":{"line":21,"column":19}},"5":{"start":{"line":23,"column":8},"end":{"line":35,"column":13}},"6":{"start":{"line":24,"column":12},"end":{"line":34,"column":13}},"7":{"start":{"line":25,"column":16},"end":{"line":28,"column":30}},"8":{"start":{"line":30,"column":16},"end":{"line":33,"column":27}},"9":{"start":{"line":37,"column":8},"end":{"line":39,"column":21}},"10":{"start":{"line":41,"column":8},"end":{"line":41,"column":54}},"11":{"start":{"line":43,"column":8},"end":{"line":43,"column":69}},"12":{"start":{"line":45,"column":8},"end":{"line":51,"column":9}},"13":{"start":{"line":46,"column":12},"end":{"line":46,"column":75}},"14":{"start":{"line":48,"column":12},"end":{"line":48,"column":35}},"15":{"start":{"line":49,"column":12},"end":{"line":49,"column":49}},"16":{"start":{"line":50,"column":12},"end":{"line":50,"column":43}}},"branchMap":{"1":{"line":25,"type":"binary-expr","locations":[{"start":{"line":25,"column":23},"end":{"line":25,"column":62}},{"start":{"line":26,"column":20},"end":{"line":26,"column":70}},{"start":{"line":27,"column":20},"end":{"line":27,"column":71}},{"start":{"line":28,"column":20},"end":{"line":28,"column":29}}]},"2":{"line":30,"type":"binary-expr","locations":[{"start":{"line":30,"column":23},"end":{"line":30,"column":37}},{"start":{"line":31,"column":20},"end":{"line":31,"column":61}},{"start":{"line":32,"column":20},"end":{"line":32,"column":70}},{"start":{"line":33,"column":20},"end":{"line":33,"column":26}}]},"3":{"line":37,"type":"cond-expr","locations":[{"start":{"line":38,"column":14},"end":{"line":38,"column":20}},{"start":{"line":39,"column":14},"end":{"line":39,"column":20}}]},"4":{"line":41,"type":"binary-expr","locations":[{"start":{"line":41,"column":16},"end":{"line":41,"column":44}},{"start":{"line":41,"column":48},"end":{"line":41,"column":53}}]},"5":{"line":45,"type":"if","locations":[{"start":{"line":45,"column":8},"end":{"line":45,"column":8}},{"start":{"line":45,"column":8},"end":{"line":45,"column":8}}]}},"code":["/* istanbul instrument in package npmtest_webpack_isomorphic_tools */","/*jslint","    bitwise: true,","    browser: true,","    maxerr: 8,","    maxlen: 96,","    node: true,","    nomen: true,","    regexp: true,","    stupid: true","*/","(function () {","    'use strict';","    var local;","","","","    // run shared js-env code - pre-init","    (function () {","        // init local","        local = {};","        // init modeJs","        local.modeJs = (function () {","            try {","                return typeof navigator.userAgent === 'string' &&","                    typeof document.querySelector('body') === 'object' &&","                    typeof XMLHttpRequest.prototype.open === 'function' &&","                    'browser';","            } catch (errorCaughtBrowser) {","                return module.exports &&","                    typeof process.versions.node === 'string' &&","                    typeof require('http').createServer === 'function' &&","                    'node';","            }","        }());","        // init global","        local.global = local.modeJs === 'browser'","            ? window","            : global;","        // init utility2_rollup","        local = local.global.utility2_rollup || local;","        // init lib","        local.local = local.npmtest_webpack_isomorphic_tools = local;","        // init exports","        if (local.modeJs === 'browser') {","            local.global.utility2_npmtest_webpack_isomorphic_tools = local;","        } else {","            module.exports = local;","            module.exports.__dirname = __dirname;","            module.exports.module = module;","        }","    }());","}());",""],"l":{"12":2,"14":2,"19":2,"21":2,"23":2,"24":2,"25":2,"30":1,"37":2,"41":2,"43":2,"45":2,"46":1,"48":1,"49":1,"50":1}},"/home/travis/build/npmtest/node-npmtest-webpack-isomorphic-tools/example.js":{"path":"/home/travis/build/npmtest/node-npmtest-webpack-isomorphic-tools/example.js","s":{"1":2,"2":2,"3":2,"4":2,"5":2,"6":2,"7":2,"8":1,"9":2,"10":2,"11":2,"12":2,"13":1,"14":2,"15":2,"16":2,"17":2,"18":2,"19":0,"20":2,"21":1,"22":1,"23":1,"24":1,"25":1,"26":0,"27":0,"28":1,"29":1,"30":2,"31":0,"32":0,"33":0,"34":1,"35":2,"36":2,"37":3,"38":3,"39":3,"40":3,"41":0,"42":3,"43":3,"44":3,"45":1,"46":3,"47":1,"48":1,"49":1,"50":1,"51":1,"52":1,"53":1,"54":1,"55":1,"56":1,"57":0,"58":1,"59":6,"60":6,"61":1,"62":2,"63":0,"64":2,"65":1,"66":1,"67":0,"68":0,"69":0,"70":0,"71":0,"72":0,"73":0,"74":0,"75":0,"76":0,"77":0,"78":0,"79":0,"80":0,"81":0,"82":0,"83":0},"b":{"1":[2,1,1,1],"2":[1,1,1,1],"3":[1,1],"4":[2,2],"5":[1,1],"6":[1,1],"7":[2,0],"8":[2,1,1,1,1,1],"9":[0,2,0],"10":[1,1],"11":[2,1,1],"12":[1,0],"13":[0,2],"14":[2,0,0,0,0,0,0],"15":[0,3],"16":[3,0],"17":[1,1],"18":[0,1],"19":[1,2,0,2],"20":[1,0],"21":[1,1],"22":[0,0],"23":[0,0],"24":[0,0],"25":[0,0],"26":[0,0],"27":[0,0],"28":[0,0]},"f":{"1":2,"2":2,"3":2,"4":2,"5":2,"6":2,"7":3,"8":3,"9":3,"10":1,"11":6,"12":0},"fnMap":{"1":{"name":"(anonymous_1)","line":26,"loc":{"start":{"line":26,"column":1},"end":{"line":26,"column":13}}},"2":{"name":"(anonymous_2)","line":33,"loc":{"start":{"line":33,"column":5},"end":{"line":33,"column":17}}},"3":{"name":"(anonymous_3)","line":37,"loc":{"start":{"line":37,"column":24},"end":{"line":37,"column":36}}},"4":{"name":"(anonymous_4)","line":69,"loc":{"start":{"line":69,"column":31},"end":{"line":69,"column":48}},"skip":true},"5":{"name":"(anonymous_5)","line":78,"loc":{"start":{"line":78,"column":26},"end":{"line":78,"column":45}},"skip":true},"6":{"name":"(anonymous_6)","line":123,"loc":{"start":{"line":123,"column":33},"end":{"line":123,"column":48}},"skip":true},"7":{"name":"(anonymous_7)","line":125,"loc":{"start":{"line":125,"column":27},"end":{"line":125,"column":39}},"skip":true},"8":{"name":"(anonymous_8)","line":133,"loc":{"start":{"line":133,"column":59},"end":{"line":133,"column":74}},"skip":true},"9":{"name":"(anonymous_9)","line":143,"loc":{"start":{"line":143,"column":45},"end":{"line":143,"column":62}},"skip":true},"10":{"name":"(anonymous_10)","line":144,"loc":{"start":{"line":144,"column":73},"end":{"line":144,"column":92}},"skip":true},"11":{"name":"(anonymous_11)","line":272,"loc":{"start":{"line":272,"column":51},"end":{"line":272,"column":77}},"skip":true},"12":{"name":"(anonymous_12)","line":315,"loc":{"start":{"line":315,"column":32},"end":{"line":315,"column":61}},"skip":true}},"statementMap":{"1":{"start":{"line":26,"column":0},"end":{"line":326,"column":5}},"2":{"start":{"line":28,"column":4},"end":{"line":28,"column":14}},"3":{"start":{"line":33,"column":4},"end":{"line":60,"column":9}},"4":{"start":{"line":35,"column":8},"end":{"line":35,"column":19}},"5":{"start":{"line":37,"column":8},"end":{"line":49,"column":13}},"6":{"start":{"line":38,"column":12},"end":{"line":48,"column":13}},"7":{"start":{"line":39,"column":16},"end":{"line":42,"column":30}},"8":{"start":{"line":44,"column":16},"end":{"line":47,"column":27}},"9":{"start":{"line":51,"column":8},"end":{"line":53,"column":21}},"10":{"start":{"line":55,"column":8},"end":{"line":57,"column":45}},"11":{"start":{"line":59,"column":8},"end":{"line":59,"column":35}},"12":{"start":{"line":61,"column":4},"end":{"line":325,"column":5}},"13":{"start":{"line":69,"column":8},"end":{"line":121,"column":10},"skip":true},"14":{"start":{"line":70,"column":12},"end":{"line":88,"column":13},"skip":true},"15":{"start":{"line":76,"column":16},"end":{"line":87,"column":19},"skip":true},"16":{"start":{"line":79,"column":20},"end":{"line":86,"column":21},"skip":true},"17":{"start":{"line":82,"column":24},"end":{"line":82,"column":43},"skip":true},"18":{"start":{"line":83,"column":24},"end":{"line":83,"column":30},"skip":true},"19":{"start":{"line":85,"column":24},"end":{"line":85,"column":49},"skip":true},"20":{"start":{"line":89,"column":12},"end":{"line":107,"column":13},"skip":true},"21":{"start":{"line":92,"column":16},"end":{"line":102,"column":17},"skip":true},"22":{"start":{"line":93,"column":20},"end":{"line":93,"column":86},"skip":true},"23":{"start":{"line":94,"column":20},"end":{"line":95,"column":45},"skip":true},"24":{"start":{"line":96,"column":20},"end":{"line":96,"column":42},"skip":true},"25":{"start":{"line":97,"column":20},"end":{"line":97,"column":48},"skip":true},"26":{"start":{"line":100,"column":20},"end":{"line":100,"column":85},"skip":true},"27":{"start":{"line":101,"column":20},"end":{"line":101,"column":96},"skip":true},"28":{"start":{"line":103,"column":16},"end":{"line":103,"column":22},"skip":true},"29":{"start":{"line":106,"column":16},"end":{"line":106,"column":22},"skip":true},"30":{"start":{"line":108,"column":12},"end":{"line":120,"column":13},"skip":true},"31":{"start":{"line":114,"column":16},"end":{"line":119,"column":17},"skip":true},"32":{"start":{"line":116,"column":20},"end":{"line":116,"column":78},"skip":true},"33":{"start":{"line":118,"column":20},"end":{"line":118,"column":47},"skip":true},"34":{"start":{"line":123,"column":8},"end":{"line":141,"column":11},"skip":true},"35":{"start":{"line":124,"column":12},"end":{"line":124,"column":54},"skip":true},"36":{"start":{"line":125,"column":12},"end":{"line":140,"column":14},"skip":true},"37":{"start":{"line":126,"column":16},"end":{"line":126,"column":28},"skip":true},"38":{"start":{"line":127,"column":16},"end":{"line":127,"column":69},"skip":true},"39":{"start":{"line":128,"column":16},"end":{"line":128,"column":75},"skip":true},"40":{"start":{"line":129,"column":16},"end":{"line":131,"column":17},"skip":true},"41":{"start":{"line":130,"column":20},"end":{"line":130,"column":27},"skip":true},"42":{"start":{"line":133,"column":16},"end":{"line":137,"column":36},"skip":true},"43":{"start":{"line":134,"column":20},"end":{"line":136,"column":55},"skip":true},"44":{"start":{"line":139,"column":16},"end":{"line":139,"column":57},"skip":true},"45":{"start":{"line":143,"column":8},"end":{"line":147,"column":11},"skip":true},"46":{"start":{"line":144,"column":12},"end":{"line":146,"column":15},"skip":true},"47":{"start":{"line":145,"column":16},"end":{"line":145,"column":70},"skip":true},"48":{"start":{"line":149,"column":8},"end":{"line":149,"column":31},"skip":true},"49":{"start":{"line":150,"column":8},"end":{"line":150,"column":14},"skip":true},"50":{"start":{"line":158,"column":8},"end":{"line":158,"column":31},"skip":true},"51":{"start":{"line":160,"column":8},"end":{"line":160,"column":33},"skip":true},"52":{"start":{"line":161,"column":8},"end":{"line":161,"column":37},"skip":true},"53":{"start":{"line":162,"column":8},"end":{"line":162,"column":35},"skip":true},"54":{"start":{"line":164,"column":8},"end":{"line":164,"column":50},"skip":true},"55":{"start":{"line":166,"column":8},"end":{"line":256,"column":2},"skip":true},"56":{"start":{"line":258,"column":8},"end":{"line":286,"column":9},"skip":true},"57":{"start":{"line":259,"column":12},"end":{"line":269,"column":14},"skip":true},"58":{"start":{"line":271,"column":12},"end":{"line":285,"column":19},"skip":true},"59":{"start":{"line":274,"column":20},"end":{"line":274,"column":35},"skip":true},"60":{"start":{"line":275,"column":20},"end":{"line":284,"column":21},"skip":true},"61":{"start":{"line":277,"column":24},"end":{"line":277,"column":64},"skip":true},"62":{"start":{"line":279,"column":24},"end":{"line":279,"column":40},"skip":true},"63":{"start":{"line":281,"column":24},"end":{"line":281,"column":40},"skip":true},"64":{"start":{"line":283,"column":24},"end":{"line":283,"column":39},"skip":true},"65":{"start":{"line":288,"column":8},"end":{"line":290,"column":9},"skip":true},"66":{"start":{"line":289,"column":12},"end":{"line":289,"column":18},"skip":true},"67":{"start":{"line":291,"column":8},"end":{"line":293,"column":54},"skip":true},"68":{"start":{"line":296,"column":8},"end":{"line":301,"column":37},"skip":true},"69":{"start":{"line":303,"column":8},"end":{"line":303,"column":82},"skip":true},"70":{"start":{"line":306,"column":8},"end":{"line":308,"column":9},"skip":true},"71":{"start":{"line":307,"column":12},"end":{"line":307,"column":82},"skip":true},"72":{"start":{"line":310,"column":8},"end":{"line":312,"column":9},"skip":true},"73":{"start":{"line":311,"column":12},"end":{"line":311,"column":18},"skip":true},"74":{"start":{"line":313,"column":8},"end":{"line":313,"column":54},"skip":true},"75":{"start":{"line":314,"column":8},"end":{"line":314,"column":69},"skip":true},"76":{"start":{"line":315,"column":8},"end":{"line":323,"column":36},"skip":true},"77":{"start":{"line":316,"column":12},"end":{"line":316,"column":61},"skip":true},"78":{"start":{"line":317,"column":12},"end":{"line":320,"column":13},"skip":true},"79":{"start":{"line":318,"column":16},"end":{"line":318,"column":75},"skip":true},"80":{"start":{"line":319,"column":16},"end":{"line":319,"column":23},"skip":true},"81":{"start":{"line":321,"column":12},"end":{"line":321,"column":38},"skip":true},"82":{"start":{"line":322,"column":12},"end":{"line":322,"column":27},"skip":true},"83":{"start":{"line":324,"column":8},"end":{"line":324,"column":14},"skip":true}},"branchMap":{"1":{"line":39,"type":"binary-expr","locations":[{"start":{"line":39,"column":23},"end":{"line":39,"column":62}},{"start":{"line":40,"column":20},"end":{"line":40,"column":70}},{"start":{"line":41,"column":20},"end":{"line":41,"column":71}},{"start":{"line":42,"column":20},"end":{"line":42,"column":29}}]},"2":{"line":44,"type":"binary-expr","locations":[{"start":{"line":44,"column":23},"end":{"line":44,"column":37}},{"start":{"line":45,"column":20},"end":{"line":45,"column":61}},{"start":{"line":46,"column":20},"end":{"line":46,"column":70}},{"start":{"line":47,"column":20},"end":{"line":47,"column":26}}]},"3":{"line":51,"type":"cond-expr","locations":[{"start":{"line":52,"column":14},"end":{"line":52,"column":20}},{"start":{"line":53,"column":14},"end":{"line":53,"column":20}}]},"4":{"line":55,"type":"binary-expr","locations":[{"start":{"line":55,"column":16},"end":{"line":55,"column":44}},{"start":{"line":55,"column":49},"end":{"line":57,"column":43}}]},"5":{"line":55,"type":"cond-expr","locations":[{"start":{"line":56,"column":14},"end":{"line":56,"column":68}},{"start":{"line":57,"column":14},"end":{"line":57,"column":43}}]},"6":{"line":61,"type":"switch","locations":[{"start":{"line":68,"column":4},"end":{"line":150,"column":14},"skip":true},{"start":{"line":156,"column":4},"end":{"line":324,"column":14},"skip":true}]},"7":{"line":70,"type":"if","locations":[{"start":{"line":70,"column":12},"end":{"line":70,"column":12},"skip":true},{"start":{"line":70,"column":12},"end":{"line":70,"column":12},"skip":true}]},"8":{"line":70,"type":"binary-expr","locations":[{"start":{"line":70,"column":16},"end":{"line":70,"column":22},"skip":true},{"start":{"line":70,"column":27},"end":{"line":70,"column":32},"skip":true},{"start":{"line":71,"column":20},"end":{"line":71,"column":39},"skip":true},{"start":{"line":72,"column":20},"end":{"line":72,"column":49},"skip":true},{"start":{"line":73,"column":20},"end":{"line":73,"column":58},"skip":true},{"start":{"line":74,"column":20},"end":{"line":74,"column":69},"skip":true}]},"9":{"line":79,"type":"switch","locations":[{"start":{"line":80,"column":20},"end":{"line":80,"column":33},"skip":true},{"start":{"line":81,"column":20},"end":{"line":83,"column":30},"skip":true},{"start":{"line":84,"column":20},"end":{"line":85,"column":49},"skip":true}]},"10":{"line":89,"type":"switch","locations":[{"start":{"line":90,"column":12},"end":{"line":103,"column":22},"skip":true},{"start":{"line":105,"column":12},"end":{"line":106,"column":22},"skip":true}]},"11":{"line":89,"type":"binary-expr","locations":[{"start":{"line":89,"column":20},"end":{"line":89,"column":25},"skip":true},{"start":{"line":89,"column":29},"end":{"line":89,"column":48},"skip":true},{"start":{"line":89,"column":52},"end":{"line":89,"column":74},"skip":true}]},"12":{"line":92,"type":"if","locations":[{"start":{"line":92,"column":16},"end":{"line":92,"column":16},"skip":true},{"start":{"line":92,"column":16},"end":{"line":92,"column":16},"skip":true}]},"13":{"line":108,"type":"if","locations":[{"start":{"line":108,"column":12},"end":{"line":108,"column":12},"skip":true},{"start":{"line":108,"column":12},"end":{"line":108,"column":12},"skip":true}]},"14":{"line":108,"type":"binary-expr","locations":[{"start":{"line":108,"column":16},"end":{"line":108,"column":61},"skip":true},{"start":{"line":108,"column":66},"end":{"line":108,"column":72},"skip":true},{"start":{"line":108,"column":77},"end":{"line":108,"column":82},"skip":true},{"start":{"line":109,"column":20},"end":{"line":109,"column":39},"skip":true},{"start":{"line":110,"column":20},"end":{"line":110,"column":49},"skip":true},{"start":{"line":111,"column":20},"end":{"line":111,"column":58},"skip":true},{"start":{"line":112,"column":20},"end":{"line":112,"column":68},"skip":true}]},"15":{"line":129,"type":"if","locations":[{"start":{"line":129,"column":16},"end":{"line":129,"column":16},"skip":true},{"start":{"line":129,"column":16},"end":{"line":129,"column":16},"skip":true}]},"16":{"line":134,"type":"cond-expr","locations":[{"start":{"line":135,"column":26},"end":{"line":135,"column":29},"skip":true},{"start":{"line":136,"column":26},"end":{"line":136,"column":54},"skip":true}]},"17":{"line":164,"type":"binary-expr","locations":[{"start":{"line":164,"column":27},"end":{"line":164,"column":43},"skip":true},{"start":{"line":164,"column":47},"end":{"line":164,"column":49},"skip":true}]},"18":{"line":258,"type":"if","locations":[{"start":{"line":258,"column":8},"end":{"line":258,"column":8},"skip":true},{"start":{"line":258,"column":8},"end":{"line":258,"column":8},"skip":true}]},"19":{"line":275,"type":"switch","locations":[{"start":{"line":276,"column":20},"end":{"line":277,"column":64},"skip":true},{"start":{"line":278,"column":20},"end":{"line":279,"column":40},"skip":true},{"start":{"line":280,"column":20},"end":{"line":281,"column":40},"skip":true},{"start":{"line":282,"column":20},"end":{"line":283,"column":39},"skip":true}]},"20":{"line":288,"type":"if","locations":[{"start":{"line":288,"column":8},"end":{"line":288,"column":8},"skip":true},{"start":{"line":288,"column":8},"end":{"line":288,"column":8},"skip":true}]},"21":{"line":288,"type":"binary-expr","locations":[{"start":{"line":288,"column":12},"end":{"line":288,"column":40},"skip":true},{"start":{"line":288,"column":44},"end":{"line":288,"column":67},"skip":true}]},"22":{"line":292,"type":"binary-expr","locations":[{"start":{"line":292,"column":12},"end":{"line":292,"column":50},"skip":true},{"start":{"line":293,"column":12},"end":{"line":293,"column":53},"skip":true}]},"23":{"line":297,"type":"binary-expr","locations":[{"start":{"line":297,"column":12},"end":{"line":297,"column":82},"skip":true},{"start":{"line":298,"column":12},"end":{"line":301,"column":36},"skip":true}]},"24":{"line":303,"type":"binary-expr","locations":[{"start":{"line":303,"column":43},"end":{"line":303,"column":75},"skip":true},{"start":{"line":303,"column":79},"end":{"line":303,"column":81},"skip":true}]},"25":{"line":306,"type":"if","locations":[{"start":{"line":306,"column":8},"end":{"line":306,"column":8},"skip":true},{"start":{"line":306,"column":8},"end":{"line":306,"column":8},"skip":true}]},"26":{"line":310,"type":"if","locations":[{"start":{"line":310,"column":8},"end":{"line":310,"column":8},"skip":true},{"start":{"line":310,"column":8},"end":{"line":310,"column":8},"skip":true}]},"27":{"line":313,"type":"binary-expr","locations":[{"start":{"line":313,"column":27},"end":{"line":313,"column":43},"skip":true},{"start":{"line":313,"column":47},"end":{"line":313,"column":53},"skip":true}]},"28":{"line":317,"type":"if","locations":[{"start":{"line":317,"column":12},"end":{"line":317,"column":12},"skip":true},{"start":{"line":317,"column":12},"end":{"line":317,"column":12},"skip":true}]}},"code":["/*","example.js","","quickstart example","","instruction","    1. save this script as example.js","    2. run the shell command:","        $ npm install npmtest-webpack-isomorphic-tools && PORT=8081 node example.js","    3. play with the browser-demo on http://127.0.0.1:8081","*/","","","","/* istanbul instrument in package npmtest_webpack_isomorphic_tools */","/*jslint","    bitwise: true,","    browser: true,","    maxerr: 8,","    maxlen: 96,","    node: true,","    nomen: true,","    regexp: true,","    stupid: true","*/","(function () {","    'use strict';","    var local;","","","","    // run shared js-env code - pre-init","    (function () {","        // init local","        local = {};","        // init modeJs","        local.modeJs = (function () {","            try {","                return typeof navigator.userAgent === 'string' &&","                    typeof document.querySelector('body') === 'object' &&","                    typeof XMLHttpRequest.prototype.open === 'function' &&","                    'browser';","            } catch (errorCaughtBrowser) {","                return module.exports &&","                    typeof process.versions.node === 'string' &&","                    typeof require('http').createServer === 'function' &&","                    'node';","            }","        }());","        // init global","        local.global = local.modeJs === 'browser'","            ? window","            : global;","        // init utility2_rollup","        local = local.global.utility2_rollup || (local.modeJs === 'browser'","            ? local.global.utility2_npmtest_webpack_isomorphic_tools","            : global.utility2_moduleExports);","        // export local","        local.global.local = local;","    }());","    switch (local.modeJs) {","","","","    // post-init","    // run browser js-env code - post-init","    /* istanbul ignore next */","    case 'browser':","        local.testRunBrowser = function (event) {","            if (!event || (event &&","                    event.currentTarget &&","                    event.currentTarget.className &&","                    event.currentTarget.className.includes &&","                    event.currentTarget.className.includes('onreset'))) {","                // reset output","                Array.from(","                    document.querySelectorAll('body > .resettable')","                ).forEach(function (element) {","                    switch (element.tagName) {","                    case 'INPUT':","                    case 'TEXTAREA':","                        element.value = '';","                        break;","                    default:","                        element.textContent = '';","                    }","                });","            }","            switch (event && event.currentTarget && event.currentTarget.id) {","            case 'testRunButton1':","                // show tests","                if (document.querySelector('#testReportDiv1').style.display === 'none') {","                    document.querySelector('#testReportDiv1').style.display = 'block';","                    document.querySelector('#testRunButton1').textContent =","                        'hide internal test';","                    local.modeTest = true;","                    local.testRunDefault(local);","                // hide tests","                } else {","                    document.querySelector('#testReportDiv1').style.display = 'none';","                    document.querySelector('#testRunButton1').textContent = 'run internal test';","                }","                break;","            // custom-case","            default:","                break;","            }","            if (document.querySelector('#inputTextareaEval1') && (!event || (event &&","                    event.currentTarget &&","                    event.currentTarget.className &&","                    event.currentTarget.className.includes &&","                    event.currentTarget.className.includes('oneval')))) {","                // try to eval input-code","                try {","                    /*jslint evil: true*/","                    eval(document.querySelector('#inputTextareaEval1').value);","                } catch (errorCaught) {","                    console.error(errorCaught);","                }","            }","        };","        // log stderr and stdout to #outputTextareaStdout1","        ['error', 'log'].forEach(function (key) {","            console[key + '_original'] = console[key];","            console[key] = function () {","                var element;","                console[key + '_original'].apply(console, arguments);","                element = document.querySelector('#outputTextareaStdout1');","                if (!element) {","                    return;","                }","                // append text to #outputTextareaStdout1","                element.value += Array.from(arguments).map(function (arg) {","                    return typeof arg === 'string'","                        ? arg","                        : JSON.stringify(arg, null, 4);","                }).join(' ') + '\\n';","                // scroll textarea to bottom","                element.scrollTop = element.scrollHeight;","            };","        });","        // init event-handling","        ['change', 'click', 'keyup'].forEach(function (event) {","            Array.from(document.querySelectorAll('.on' + event)).forEach(function (element) {","                element.addEventListener(event, local.testRunBrowser);","            });","        });","        // run tests","        local.testRunBrowser();","        break;","","","","    // run node js-env code - post-init","    /* istanbul ignore next */","    case 'node':","        // export local","        module.exports = local;","        // require modules","        local.fs = require('fs');","        local.http = require('http');","        local.url = require('url');","        // init assets","        local.assetsDict = local.assetsDict || {};","        /* jslint-ignore-begin */","        local.assetsDict['/assets.index.template.html'] = '\\","<!doctype html>\\n\\","<html lang=\"en\">\\n\\","<head>\\n\\","<meta charset=\"UTF-8\">\\n\\","<meta name=\"viewport\" content=\"width=device-width, initial-scale=1\">\\n\\","<title>{{env.npm_package_name}} (v{{env.npm_package_version}})</title>\\n\\","<style>\\n\\","/*csslint\\n\\","    box-sizing: false,\\n\\","    universal-selector: false\\n\\","*/\\n\\","* {\\n\\","    box-sizing: border-box;\\n\\","}\\n\\","body {\\n\\","    background: #dde;\\n\\","    font-family: Arial, Helvetica, sans-serif;\\n\\","    margin: 2rem;\\n\\","}\\n\\","body > * {\\n\\","    margin-bottom: 1rem;\\n\\","}\\n\\",".utility2FooterDiv {\\n\\","    margin-top: 20px;\\n\\","    text-align: center;\\n\\","}\\n\\","</style>\\n\\","<style>\\n\\","/*csslint\\n\\","*/\\n\\","textarea {\\n\\","    font-family: monospace;\\n\\","    height: 10rem;\\n\\","    width: 100%;\\n\\","}\\n\\","textarea[readonly] {\\n\\","    background: #ddd;\\n\\","}\\n\\","</style>\\n\\","</head>\\n\\","<body>\\n\\","<!-- utility2-comment\\n\\","<div id=\"ajaxProgressDiv1\" style=\"background: #d00; height: 2px; left: 0; margin: 0; padding: 0; position: fixed; top: 0; transition: background 0.5s, width 1.5s; width: 25%;\"></div>\\n\\","utility2-comment -->\\n\\","<h1>\\n\\","<!-- utility2-comment\\n\\","    <a\\n\\","        {{#if env.npm_package_homepage}}\\n\\","        href=\"{{env.npm_package_homepage}}\"\\n\\","        {{/if env.npm_package_homepage}}\\n\\","        target=\"_blank\"\\n\\","    >\\n\\","utility2-comment -->\\n\\","        {{env.npm_package_name}} (v{{env.npm_package_version}})\\n\\","<!-- utility2-comment\\n\\","    </a>\\n\\","utility2-comment -->\\n\\","</h1>\\n\\","<h3>{{env.npm_package_description}}</h3>\\n\\","<!-- utility2-comment\\n\\","<h4><a download href=\"assets.app.js\">download standalone app</a></h4>\\n\\","<button class=\"onclick onreset\" id=\"testRunButton1\">run internal test</button><br>\\n\\","<div id=\"testReportDiv1\" style=\"display: none;\"></div>\\n\\","utility2-comment -->\\n\\","\\n\\","\\n\\","\\n\\","<label>stderr and stdout</label>\\n\\","<textarea class=\"resettable\" id=\"outputTextareaStdout1\" readonly></textarea>\\n\\","<!-- utility2-comment\\n\\","{{#if isRollup}}\\n\\","<script src=\"assets.app.js\"></script>\\n\\","{{#unless isRollup}}\\n\\","utility2-comment -->\\n\\","<script src=\"assets.utility2.rollup.js\"></script>\\n\\","<script src=\"jsonp.utility2._stateInit?callback=window.utility2._stateInit\"></script>\\n\\","<script src=\"assets.npmtest_webpack_isomorphic_tools.rollup.js\"></script>\\n\\","<script src=\"assets.example.js\"></script>\\n\\","<script src=\"assets.test.js\"></script>\\n\\","<!-- utility2-comment\\n\\","{{/if isRollup}}\\n\\","utility2-comment -->\\n\\","<div class=\"utility2FooterDiv\">\\n\\","    [ this app was created with\\n\\","    <a href=\"https://github.com/kaizhu256/node-utility2\" target=\"_blank\">utility2</a>\\n\\","    ]\\n\\","</div>\\n\\","</body>\\n\\","</html>\\n\\","';","        /* jslint-ignore-end */","        if (local.templateRender) {","            local.assetsDict['/'] = local.templateRender(","                local.assetsDict['/assets.index.template.html'],","                {","                    env: local.objectSetDefault(local.env, {","                        npm_package_description: 'the greatest app in the world!',","                        npm_package_name: 'my-app',","                        npm_package_nameAlias: 'my_app',","                        npm_package_version: '0.0.1'","                    })","                }","            );","        } else {","            local.assetsDict['/'] = local.assetsDict['/assets.index.template.html']","                .replace((/\\{\\{env\\.(\\w+?)\\}\\}/g), function (match0, match1) {","                    // jslint-hack","                    String(match0);","                    switch (match1) {","                    case 'npm_package_description':","                        return 'the greatest app in the world!';","                    case 'npm_package_name':","                        return 'my-app';","                    case 'npm_package_nameAlias':","                        return 'my_app';","                    case 'npm_package_version':","                        return '0.0.1';","                    }","                });","        }","        // run the cli","        if (local.global.utility2_rollup || module !== require.main) {","            break;","        }","        local.assetsDict['/assets.example.js'] =","            local.assetsDict['/assets.example.js'] ||","            local.fs.readFileSync(__filename, 'utf8');","        // bug-workaround - long $npm_package_buildCustomOrg","        /* jslint-ignore-begin */","        local.assetsDict['/assets.npmtest_webpack_isomorphic_tools.rollup.js'] =","            local.assetsDict['/assets.npmtest_webpack_isomorphic_tools.rollup.js'] ||","            local.fs.readFileSync(","                local.npmtest_webpack_isomorphic_tools.__dirname + '/lib.npmtest_webpack_isomorphic_tools.js',","                'utf8'","            ).replace((/^#!/), '//');","        /* jslint-ignore-end */","        local.assetsDict['/favicon.ico'] = local.assetsDict['/favicon.ico'] || '';","        // if $npm_config_timeout_exit exists,","        // then exit this process after $npm_config_timeout_exit ms","        if (Number(process.env.npm_config_timeout_exit)) {","            setTimeout(process.exit, Number(process.env.npm_config_timeout_exit));","        }","        // start server","        if (local.global.utility2_serverHttp1) {","            break;","        }","        process.env.PORT = process.env.PORT || '8081';","        console.error('server starting on port ' + process.env.PORT);","        local.http.createServer(function (request, response) {","            request.urlParsed = local.url.parse(request.url);","            if (local.assetsDict[request.urlParsed.pathname] !== undefined) {","                response.end(local.assetsDict[request.urlParsed.pathname]);","                return;","            }","            response.statusCode = 404;","            response.end();","        }).listen(process.env.PORT);","        break;","    }","}());",""],"l":{"26":2,"28":2,"33":2,"35":2,"37":2,"38":2,"39":2,"44":1,"51":2,"55":2,"59":2,"61":2,"69":1,"70":2,"76":2,"79":2,"82":2,"83":2,"85":1,"89":2,"92":1,"93":1,"94":1,"96":1,"97":1,"100":1,"101":1,"103":1,"106":1,"108":2,"114":1,"116":1,"118":1,"123":1,"124":2,"125":2,"126":3,"127":3,"128":3,"129":3,"130":1,"133":3,"134":3,"139":3,"143":1,"144":3,"145":1,"149":1,"150":1,"158":1,"160":1,"161":1,"162":1,"164":1,"166":1,"258":1,"259":1,"271":1,"274":6,"275":6,"277":1,"279":2,"281":1,"283":2,"288":1,"289":1,"291":1,"296":1,"303":1,"306":1,"307":1,"310":1,"311":1,"313":1,"314":1,"315":1,"316":1,"317":1,"318":1,"319":1,"321":1,"322":1,"324":1}},"/home/travis/build/npmtest/node-npmtest-webpack-isomorphic-tools/node_modules/webpack-isomorphic-tools/babel-transpiled-modules/index.js":{"path":"/home/travis/build/npmtest/node-npmtest-webpack-isomorphic-tools/node_modules/webpack-isomorphic-tools/babel-transpiled-modules/index.js","s":{"1":1,"2":1,"3":1,"4":1,"5":1,"6":1,"7":1,"8":1,"9":1,"10":1,"11":1,"12":1,"13":1,"14":1,"15":1,"16":1,"17":1,"18":1,"19":1,"20":1,"21":1,"22":1,"23":1,"24":1,"25":1,"26":1,"27":1,"28":1,"29":12,"30":1,"31":1,"32":0,"33":0,"34":0,"35":0,"36":0,"37":0,"38":0,"39":0,"40":0,"41":0,"42":1,"43":0,"44":0,"45":0,"46":0,"47":0,"48":0,"49":0,"50":0,"51":0,"52":0,"53":0,"54":0,"55":0,"56":0,"57":0,"58":0,"59":0,"60":0,"61":0,"62":0,"63":0,"64":0,"65":0,"66":0,"67":0,"68":0,"69":0,"70":0,"71":0,"72":0,"73":0,"74":0,"75":0,"76":0,"77":0,"78":0,"79":0,"80":0,"81":0,"82":0,"83":0,"84":0,"85":0,"86":0,"87":0,"88":0,"89":0,"90":0,"91":0,"92":0,"93":0,"94":0,"95":0,"96":0,"97":0,"98":0,"99":0,"100":0,"101":0,"102":0,"103":0,"104":0,"105":0,"106":0,"107":0,"108":0,"109":0,"110":0,"111":0,"112":0,"113":0,"114":0,"115":0,"116":0,"117":0,"118":0,"119":0,"120":0,"121":0,"122":0,"123":0,"124":0,"125":0,"126":0,"127":0,"128":0,"129":0,"130":0,"131":0,"132":0,"133":0,"134":0,"135":0,"136":0,"137":0,"138":0,"139":0,"140":0,"141":0,"142":0,"143":0,"144":0,"145":0,"146":0,"147":0,"148":0,"149":0,"150":0,"151":0,"152":0,"153":0,"154":0,"155":0,"156":0,"157":0,"158":0,"159":0,"160":0,"161":0,"162":0,"163":0,"164":0,"165":0,"166":0,"167":0,"168":0,"169":0,"170":0,"171":0,"172":0,"173":0,"174":0,"175":0,"176":0,"177":0,"178":0,"179":0,"180":0,"181":0,"182":0,"183":0,"184":0,"185":0,"186":0,"187":0,"188":0,"189":0,"190":0,"191":0,"192":0,"193":0,"194":0,"195":0,"196":0,"197":0,"198":0,"199":0,"200":0,"201":0,"202":0,"203":0,"204":0,"205":1,"206":0,"207":0,"208":0,"209":1,"210":0,"211":0,"212":0,"213":0,"214":0,"215":0,"216":0,"217":0,"218":0,"219":0,"220":0,"221":0,"222":0,"223":0,"224":0,"225":0,"226":0,"227":0,"228":0,"229":0,"230":0,"231":0,"232":0,"233":0,"234":0,"235":0,"236":0,"237":0,"238":0,"239":0,"240":0,"241":0,"242":0,"243":0,"244":0,"245":0,"246":0,"247":0,"248":0,"249":0,"250":0,"251":0,"252":0,"253":0,"254":0,"255":0,"256":0,"257":0,"258":0,"259":0,"260":0,"261":0,"262":0,"263":0,"264":0,"265":0,"266":0,"267":0,"268":0,"269":0,"270":0,"271":0,"272":0,"273":0,"274":0,"275":0,"276":0,"277":0,"278":0,"279":0,"280":0,"281":0,"282":0,"283":0,"284":0,"285":0,"286":0,"287":0,"288":0,"289":0,"290":0,"291":0,"292":0,"293":0,"294":0,"295":0,"296":0,"297":0,"298":0,"299":0,"300":0,"301":0,"302":0,"303":0,"304":0,"305":0,"306":0,"307":0,"308":0,"309":0,"310":0,"311":0,"312":0,"313":0,"314":0,"315":0,"316":0,"317":0,"318":0,"319":0,"320":0,"321":0,"322":0,"323":0,"324":0,"325":0,"326":0,"327":0,"328":0,"329":0,"330":0,"331":1,"332":1,"333":0,"334":0,"335":0,"336":0,"337":0,"338":0,"339":0,"340":0,"341":0,"342":0,"343":0,"344":0,"345":0,"346":0,"347":0,"348":0,"349":0,"350":0,"351":0,"352":0,"353":0,"354":0,"355":0,"356":0,"357":1,"358":1,"359":1},"b":{"1":[6,6],"2":[12,12],"3":[0,0],"4":[0,0],"5":[0,0],"6":[0,0],"7":[0,0],"8":[0,0],"9":[0,0],"10":[0,0],"11":[0,0],"12":[0,0],"13":[0,0],"14":[0,0],"15":[0,0],"16":[0,0],"17":[0,0],"18":[0,0],"19":[0,0],"20":[0,0],"21":[0,0],"22":[0,0],"23":[0,0],"24":[0,0,0,0,0],"25":[0,0],"26":[0,0],"27":[0,0],"28":[0,0],"29":[0,0],"30":[0,0],"31":[0,0],"32":[0,0],"33":[0,0],"34":[0,0],"35":[0,0],"36":[0,0],"37":[0,0],"38":[0,0],"39":[0,0],"40":[0,0],"41":[0,0],"42":[0,0],"43":[0,0],"44":[0,0],"45":[0,0],"46":[0,0],"47":[0,0],"48":[0,0],"49":[0,0],"50":[0,0],"51":[0,0],"52":[0,0],"53":[0,0],"54":[0,0],"55":[0,0],"56":[0,0],"57":[0,0],"58":[0,0],"59":[0,0],"60":[0,0],"61":[0,0],"62":[0,0],"63":[0,0],"64":[0,0],"65":[0,0],"66":[0,0],"67":[0,0],"68":[0,0],"69":[0,0],"70":[0,0],"71":[0,0],"72":[0,0],"73":[0,0],"74":[0,0],"75":[0,0],"76":[0,0],"77":[0,0],"78":[0,0],"79":[0,0],"80":[0,0],"81":[0,0,0]},"f":{"1":12,"2":1,"3":0,"4":0,"5":0,"6":0,"7":0,"8":0,"9":0,"10":0,"11":0,"12":0,"13":0,"14":0,"15":0,"16":0,"17":0,"18":0,"19":0,"20":0,"21":0,"22":0,"23":0,"24":0,"25":0,"26":0,"27":0,"28":0,"29":0,"30":0,"31":0,"32":0,"33":0,"34":0,"35":0,"36":0,"37":0,"38":0,"39":0,"40":0,"41":0},"fnMap":{"1":{"name":"_interopRequireDefault","line":59,"loc":{"start":{"line":59,"column":0},"end":{"line":59,"column":37}}},"2":{"name":"(anonymous_2)","line":64,"loc":{"start":{"line":64,"column":31},"end":{"line":64,"column":43}}},"3":{"name":"webpack_isomorphic_tools","line":67,"loc":{"start":{"line":67,"column":1},"end":{"line":67,"column":44}}},"4":{"name":"development","line":102,"loc":{"start":{"line":102,"column":9},"end":{"line":102,"column":32}}},"5":{"name":"assets","line":115,"loc":{"start":{"line":115,"column":9},"end":{"line":115,"column":27}}},"6":{"name":"refresh","line":154,"loc":{"start":{"line":154,"column":9},"end":{"line":154,"column":28}}},"7":{"name":"enable_aliasing","line":207,"loc":{"start":{"line":207,"column":9},"end":{"line":207,"column":36}}},"8":{"name":"(anonymous_8)","line":212,"loc":{"start":{"line":212,"column":54},"end":{"line":212,"column":78}}},"9":{"name":"server","line":235,"loc":{"start":{"line":235,"column":9},"end":{"line":235,"column":49}}},"10":{"name":"(anonymous_10)","line":273,"loc":{"start":{"line":273,"column":34},"end":{"line":273,"column":61}}},"11":{"name":"register","line":292,"loc":{"start":{"line":292,"column":9},"end":{"line":292,"column":29}}},"12":{"name":"(anonymous_12)","line":383,"loc":{"start":{"line":383,"column":78},"end":{"line":383,"column":111}}},"13":{"name":"(anonymous_13)","line":401,"loc":{"start":{"line":401,"column":22},"end":{"line":401,"column":40}}},"14":{"name":"register_extension","line":437,"loc":{"start":{"line":437,"column":9},"end":{"line":437,"column":61}}},"15":{"name":"(anonymous_15)","line":444,"loc":{"start":{"line":444,"column":60},"end":{"line":444,"column":76}}},"16":{"name":"(anonymous_16)","line":453,"loc":{"start":{"line":453,"column":60},"end":{"line":453,"column":76}}},"17":{"name":"inject_modules_directories","line":463,"loc":{"start":{"line":463,"column":9},"end":{"line":463,"column":66}}},"18":{"name":"(anonymous_18)","line":464,"loc":{"start":{"line":464,"column":52},"end":{"line":464,"column":65}}},"19":{"name":"(anonymous_19)","line":473,"loc":{"start":{"line":473,"column":33},"end":{"line":473,"column":59}}},"20":{"name":"(anonymous_20)","line":474,"loc":{"start":{"line":474,"column":14},"end":{"line":474,"column":32}}},"21":{"name":"(anonymous_21)","line":480,"loc":{"start":{"line":480,"column":14},"end":{"line":480,"column":32}}},"22":{"name":"(anonymous_22)","line":482,"loc":{"start":{"line":482,"column":15},"end":{"line":482,"column":33}}},"23":{"name":"(anonymous_23)","line":483,"loc":{"start":{"line":483,"column":33},"end":{"line":483,"column":62}}},"24":{"name":"patch_require","line":499,"loc":{"start":{"line":499,"column":9},"end":{"line":499,"column":34}}},"25":{"name":"(anonymous_25)","line":522,"loc":{"start":{"line":522,"column":42},"end":{"line":522,"column":71}}},"26":{"name":"normalize_asset_path","line":563,"loc":{"start":{"line":563,"column":9},"end":{"line":563,"column":58}}},"27":{"name":"require","line":578,"loc":{"start":{"line":578,"column":9},"end":{"line":578,"column":58}}},"28":{"name":"require_asset","line":607,"loc":{"start":{"line":607,"column":9},"end":{"line":607,"column":48}}},"29":{"name":"asset_source","line":624,"loc":{"start":{"line":624,"column":9},"end":{"line":624,"column":43}}},"30":{"name":"possible_webpack_paths","line":631,"loc":{"start":{"line":631,"column":3},"end":{"line":631,"column":47}}},"31":{"name":"construct_guesses","line":643,"loc":{"start":{"line":643,"column":4},"end":{"line":643,"column":38}}},"32":{"name":"(anonymous_32)","line":696,"loc":{"start":{"line":696,"column":77},"end":{"line":696,"column":93}}},"33":{"name":"undo","line":744,"loc":{"start":{"line":744,"column":9},"end":{"line":744,"column":25}}},"34":{"name":"excludes","line":790,"loc":{"start":{"line":790,"column":9},"end":{"line":790,"column":42}}},"35":{"name":"includes","line":849,"loc":{"start":{"line":849,"column":9},"end":{"line":849,"column":42}}},"36":{"name":"wait_for_assets","line":913,"loc":{"start":{"line":913,"column":9},"end":{"line":913,"column":40}}},"37":{"name":"wait_for","line":927,"loc":{"start":{"line":927,"column":3},"end":{"line":927,"column":41}}},"38":{"name":"check","line":928,"loc":{"start":{"line":928,"column":4},"end":{"line":928,"column":21}}},"39":{"name":"ready_check","line":956,"loc":{"start":{"line":956,"column":18},"end":{"line":956,"column":41}}},"40":{"name":"ready_check","line":972,"loc":{"start":{"line":972,"column":19},"end":{"line":972,"column":42}}},"41":{"name":"(anonymous_41)","line":977,"loc":{"start":{"line":977,"column":31},"end":{"line":977,"column":43}}}},"statementMap":{"1":{"start":{"line":3,"column":0},"end":{"line":5,"column":3}},"2":{"start":{"line":7,"column":0},"end":{"line":7,"column":68}},"3":{"start":{"line":9,"column":0},"end":{"line":9,"column":60}},"4":{"start":{"line":11,"column":0},"end":{"line":11,"column":57}},"5":{"start":{"line":13,"column":0},"end":{"line":13,"column":43}},"6":{"start":{"line":15,"column":0},"end":{"line":15,"column":56}},"7":{"start":{"line":17,"column":0},"end":{"line":17,"column":49}},"8":{"start":{"line":19,"column":0},"end":{"line":19,"column":66}},"9":{"start":{"line":21,"column":0},"end":{"line":21,"column":58}},"10":{"start":{"line":23,"column":0},"end":{"line":23,"column":71}},"11":{"start":{"line":25,"column":0},"end":{"line":25,"column":64}},"12":{"start":{"line":27,"column":0},"end":{"line":27,"column":65}},"13":{"start":{"line":29,"column":0},"end":{"line":29,"column":58}},"14":{"start":{"line":31,"column":0},"end":{"line":31,"column":29}},"15":{"start":{"line":33,"column":0},"end":{"line":33,"column":44}},"16":{"start":{"line":35,"column":0},"end":{"line":35,"column":24}},"17":{"start":{"line":37,"column":0},"end":{"line":37,"column":39}},"18":{"start":{"line":39,"column":0},"end":{"line":39,"column":47}},"19":{"start":{"line":41,"column":0},"end":{"line":41,"column":61}},"20":{"start":{"line":43,"column":0},"end":{"line":43,"column":37}},"21":{"start":{"line":45,"column":0},"end":{"line":45,"column":51}},"22":{"start":{"line":47,"column":0},"end":{"line":47,"column":34}},"23":{"start":{"line":49,"column":0},"end":{"line":49,"column":41}},"24":{"start":{"line":51,"column":0},"end":{"line":51,"column":59}},"25":{"start":{"line":53,"column":0},"end":{"line":53,"column":65}},"26":{"start":{"line":55,"column":0},"end":{"line":55,"column":36}},"27":{"start":{"line":57,"column":0},"end":{"line":57,"column":34}},"28":{"start":{"line":59,"column":0},"end":{"line":59,"column":95}},"29":{"start":{"line":59,"column":39},"end":{"line":59,"column":93}},"30":{"start":{"line":64,"column":0},"end":{"line":986,"column":4}},"31":{"start":{"line":67,"column":1},"end":{"line":90,"column":2}},"32":{"start":{"line":68,"column":2},"end":{"line":68,"column":64}},"33":{"start":{"line":69,"column":2},"end":{"line":69,"column":18}},"34":{"start":{"line":70,"column":2},"end":{"line":70,"column":26}},"35":{"start":{"line":73,"column":2},"end":{"line":73,"column":85}},"36":{"start":{"line":76,"column":2},"end":{"line":76,"column":47}},"37":{"start":{"line":79,"column":2},"end":{"line":79,"column":67}},"38":{"start":{"line":82,"column":2},"end":{"line":84,"column":3}},"39":{"start":{"line":83,"column":3},"end":{"line":83,"column":52}},"40":{"start":{"line":87,"column":2},"end":{"line":87,"column":90}},"41":{"start":{"line":89,"column":2},"end":{"line":89,"column":129}},"42":{"start":{"line":100,"column":1},"end":{"line":984,"column":5}},"43":{"start":{"line":104,"column":3},"end":{"line":104,"column":450}},"44":{"start":{"line":107,"column":3},"end":{"line":107,"column":15}},"45":{"start":{"line":117,"column":3},"end":{"line":140,"column":4}},"46":{"start":{"line":124,"column":4},"end":{"line":139,"column":6}},"47":{"start":{"line":125,"column":5},"end":{"line":131,"column":6}},"48":{"start":{"line":126,"column":6},"end":{"line":126,"column":63}},"49":{"start":{"line":128,"column":6},"end":{"line":128,"column":129}},"50":{"start":{"line":129,"column":6},"end":{"line":129,"column":28}},"51":{"start":{"line":130,"column":6},"end":{"line":130,"column":51}},"52":{"start":{"line":135,"column":6},"end":{"line":138,"column":7}},"53":{"start":{"line":136,"column":7},"end":{"line":136,"column":371}},"54":{"start":{"line":137,"column":7},"end":{"line":137,"column":52}},"55":{"start":{"line":143,"column":3},"end":{"line":145,"column":4}},"56":{"start":{"line":144,"column":4},"end":{"line":144,"column":79}},"57":{"start":{"line":147,"column":3},"end":{"line":147,"column":44}},"58":{"start":{"line":156,"column":3},"end":{"line":158,"column":4}},"59":{"start":{"line":157,"column":4},"end":{"line":157,"column":173}},"60":{"start":{"line":160,"column":3},"end":{"line":160,"column":47}},"61":{"start":{"line":165,"column":3},"end":{"line":165,"column":50}},"62":{"start":{"line":168,"column":3},"end":{"line":168,"column":40}},"63":{"start":{"line":169,"column":3},"end":{"line":169,"column":33}},"64":{"start":{"line":170,"column":3},"end":{"line":170,"column":34}},"65":{"start":{"line":172,"column":3},"end":{"line":194,"column":4}},"66":{"start":{"line":173,"column":4},"end":{"line":178,"column":5}},"67":{"start":{"line":174,"column":5},"end":{"line":174,"column":29}},"68":{"start":{"line":176,"column":5},"end":{"line":176,"column":62}},"69":{"start":{"line":177,"column":5},"end":{"line":177,"column":33}},"70":{"start":{"line":182,"column":4},"end":{"line":182,"column":29}},"71":{"start":{"line":183,"column":4},"end":{"line":183,"column":25}},"72":{"start":{"line":185,"column":4},"end":{"line":193,"column":5}},"73":{"start":{"line":186,"column":5},"end":{"line":188,"column":6}},"74":{"start":{"line":187,"column":6},"end":{"line":187,"column":25}},"75":{"start":{"line":190,"column":5},"end":{"line":192,"column":6}},"76":{"start":{"line":191,"column":6},"end":{"line":191,"column":27}},"77":{"start":{"line":196,"column":3},"end":{"line":196,"column":27}},"78":{"start":{"line":208,"column":3},"end":{"line":208,"column":20}},"79":{"start":{"line":212,"column":3},"end":{"line":215,"column":6}},"80":{"start":{"line":214,"column":4},"end":{"line":214,"column":109}},"81":{"start":{"line":218,"column":3},"end":{"line":218,"column":15}},"82":{"start":{"line":236,"column":3},"end":{"line":236,"column":21}},"83":{"start":{"line":239,"column":3},"end":{"line":239,"column":44}},"84":{"start":{"line":242,"column":3},"end":{"line":242,"column":119}},"85":{"start":{"line":245,"column":3},"end":{"line":245,"column":19}},"86":{"start":{"line":248,"column":3},"end":{"line":250,"column":4}},"87":{"start":{"line":249,"column":4},"end":{"line":249,"column":27}},"88":{"start":{"line":253,"column":3},"end":{"line":255,"column":4}},"89":{"start":{"line":254,"column":4},"end":{"line":254,"column":70}},"90":{"start":{"line":258,"column":3},"end":{"line":261,"column":4}},"91":{"start":{"line":259,"column":4},"end":{"line":259,"column":58}},"92":{"start":{"line":260,"column":4},"end":{"line":260,"column":25}},"93":{"start":{"line":266,"column":3},"end":{"line":276,"column":5}},"94":{"start":{"line":268,"column":4},"end":{"line":268,"column":42}},"95":{"start":{"line":273,"column":5},"end":{"line":275,"column":8}},"96":{"start":{"line":274,"column":6},"end":{"line":274,"column":45}},"97":{"start":{"line":293,"column":3},"end":{"line":293,"column":21}},"98":{"start":{"line":295,"column":3},"end":{"line":295,"column":60}},"99":{"start":{"line":331,"column":3},"end":{"line":331,"column":41}},"100":{"start":{"line":332,"column":3},"end":{"line":332,"column":34}},"101":{"start":{"line":333,"column":3},"end":{"line":333,"column":35}},"102":{"start":{"line":335,"column":3},"end":{"line":381,"column":4}},"103":{"start":{"line":336,"column":4},"end":{"line":365,"column":5}},"104":{"start":{"line":337,"column":5},"end":{"line":337,"column":35}},"105":{"start":{"line":339,"column":5},"end":{"line":339,"column":55}},"106":{"start":{"line":341,"column":5},"end":{"line":341,"column":43}},"107":{"start":{"line":342,"column":5},"end":{"line":342,"column":36}},"108":{"start":{"line":343,"column":5},"end":{"line":343,"column":37}},"109":{"start":{"line":345,"column":5},"end":{"line":364,"column":6}},"110":{"start":{"line":346,"column":6},"end":{"line":350,"column":7}},"111":{"start":{"line":347,"column":7},"end":{"line":347,"column":36}},"112":{"start":{"line":349,"column":7},"end":{"line":349,"column":55}},"113":{"start":{"line":352,"column":6},"end":{"line":352,"column":32}},"114":{"start":{"line":353,"column":6},"end":{"line":353,"column":28}},"115":{"start":{"line":355,"column":6},"end":{"line":363,"column":7}},"116":{"start":{"line":356,"column":7},"end":{"line":358,"column":8}},"117":{"start":{"line":357,"column":8},"end":{"line":357,"column":28}},"118":{"start":{"line":360,"column":7},"end":{"line":362,"column":8}},"119":{"start":{"line":361,"column":8},"end":{"line":361,"column":30}},"120":{"start":{"line":369,"column":4},"end":{"line":369,"column":30}},"121":{"start":{"line":370,"column":4},"end":{"line":370,"column":26}},"122":{"start":{"line":372,"column":4},"end":{"line":380,"column":5}},"123":{"start":{"line":373,"column":5},"end":{"line":375,"column":6}},"124":{"start":{"line":374,"column":6},"end":{"line":374,"column":26}},"125":{"start":{"line":377,"column":5},"end":{"line":379,"column":6}},"126":{"start":{"line":378,"column":6},"end":{"line":378,"column":28}},"127":{"start":{"line":383,"column":3},"end":{"line":427,"column":6}},"128":{"start":{"line":387,"column":4},"end":{"line":389,"column":5}},"129":{"start":{"line":388,"column":5},"end":{"line":388,"column":12}},"130":{"start":{"line":391,"column":4},"end":{"line":391,"column":41}},"131":{"start":{"line":392,"column":4},"end":{"line":392,"column":39}},"132":{"start":{"line":397,"column":4},"end":{"line":399,"column":5}},"133":{"start":{"line":398,"column":5},"end":{"line":398,"column":12}},"134":{"start":{"line":401,"column":4},"end":{"line":409,"column":7}},"135":{"start":{"line":402,"column":5},"end":{"line":402,"column":42}},"136":{"start":{"line":404,"column":5},"end":{"line":406,"column":6}},"137":{"start":{"line":405,"column":6},"end":{"line":405,"column":35}},"138":{"start":{"line":408,"column":5},"end":{"line":408,"column":44}},"139":{"start":{"line":411,"column":4},"end":{"line":411,"column":86}},"140":{"start":{"line":413,"column":4},"end":{"line":413,"column":86}},"141":{"start":{"line":415,"column":4},"end":{"line":415,"column":42}},"142":{"start":{"line":417,"column":4},"end":{"line":419,"column":5}},"143":{"start":{"line":418,"column":5},"end":{"line":418,"column":12}},"144":{"start":{"line":421,"column":4},"end":{"line":424,"column":6}},"145":{"start":{"line":426,"column":4},"end":{"line":426,"column":18}},"146":{"start":{"line":430,"column":3},"end":{"line":430,"column":15}},"147":{"start":{"line":438,"column":3},"end":{"line":438,"column":21}},"148":{"start":{"line":440,"column":3},"end":{"line":440,"column":70}},"149":{"start":{"line":443,"column":3},"end":{"line":456,"column":4}},"150":{"start":{"line":444,"column":4},"end":{"line":451,"column":8}},"151":{"start":{"line":446,"column":5},"end":{"line":448,"column":6}},"152":{"start":{"line":447,"column":6},"end":{"line":447,"column":13}},"153":{"start":{"line":450,"column":5},"end":{"line":450,"column":46}},"154":{"start":{"line":453,"column":4},"end":{"line":455,"column":8}},"155":{"start":{"line":454,"column":5},"end":{"line":454,"column":46}},"156":{"start":{"line":464,"column":3},"end":{"line":466,"column":6}},"157":{"start":{"line":465,"column":4},"end":{"line":465,"column":32}},"158":{"start":{"line":471,"column":3},"end":{"line":471,"column":57}},"159":{"start":{"line":473,"column":3},"end":{"line":489,"column":5}},"160":{"start":{"line":474,"column":4},"end":{"line":486,"column":7}},"161":{"start":{"line":475,"column":5},"end":{"line":475,"column":50}},"162":{"start":{"line":476,"column":5},"end":{"line":479,"column":6}},"163":{"start":{"line":477,"column":6},"end":{"line":477,"column":35}},"164":{"start":{"line":478,"column":6},"end":{"line":478,"column":44}},"165":{"start":{"line":481,"column":5},"end":{"line":481,"column":19}},"166":{"start":{"line":483,"column":5},"end":{"line":485,"column":8}},"167":{"start":{"line":484,"column":6},"end":{"line":484,"column":45}},"168":{"start":{"line":488,"column":4},"end":{"line":488,"column":47}},"169":{"start":{"line":506,"column":3},"end":{"line":506,"column":1515}},"170":{"start":{"line":509,"column":3},"end":{"line":509,"column":91}},"171":{"start":{"line":513,"column":3},"end":{"line":513,"column":68}},"172":{"start":{"line":515,"column":3},"end":{"line":515,"column":45}},"173":{"start":{"line":520,"column":3},"end":{"line":520,"column":63}},"174":{"start":{"line":522,"column":3},"end":{"line":559,"column":5}},"175":{"start":{"line":524,"column":4},"end":{"line":527,"column":5}},"176":{"start":{"line":526,"column":5},"end":{"line":526,"column":59}},"177":{"start":{"line":530,"column":4},"end":{"line":530,"column":22}},"178":{"start":{"line":534,"column":4},"end":{"line":537,"column":5}},"179":{"start":{"line":535,"column":5},"end":{"line":535,"column":66}},"180":{"start":{"line":536,"column":5},"end":{"line":536,"column":33}},"181":{"start":{"line":541,"column":4},"end":{"line":544,"column":5}},"182":{"start":{"line":542,"column":5},"end":{"line":542,"column":65}},"183":{"start":{"line":543,"column":5},"end":{"line":543,"column":32}},"184":{"start":{"line":547,"column":4},"end":{"line":552,"column":5}},"185":{"start":{"line":549,"column":5},"end":{"line":551,"column":6}},"186":{"start":{"line":550,"column":6},"end":{"line":550,"column":44}},"187":{"start":{"line":555,"column":4},"end":{"line":555,"column":33}},"188":{"start":{"line":558,"column":4},"end":{"line":558,"column":58}},"189":{"start":{"line":566,"column":3},"end":{"line":568,"column":4}},"190":{"start":{"line":567,"column":4},"end":{"line":567,"column":100},"skip":true},"191":{"start":{"line":571,"column":3},"end":{"line":571,"column":90}},"192":{"start":{"line":579,"column":3},"end":{"line":579,"column":63}},"193":{"start":{"line":582,"column":3},"end":{"line":582,"column":65}},"194":{"start":{"line":587,"column":3},"end":{"line":590,"column":4}},"195":{"start":{"line":588,"column":4},"end":{"line":588,"column":63}},"196":{"start":{"line":589,"column":4},"end":{"line":589,"column":11}},"197":{"start":{"line":593,"column":3},"end":{"line":593,"column":45}},"198":{"start":{"line":596,"column":3},"end":{"line":598,"column":4}},"199":{"start":{"line":597,"column":4},"end":{"line":597,"column":53}},"200":{"start":{"line":600,"column":3},"end":{"line":600,"column":79}},"201":{"start":{"line":611,"column":3},"end":{"line":614,"column":4}},"202":{"start":{"line":613,"column":4},"end":{"line":613,"column":56}},"203":{"start":{"line":617,"column":3},"end":{"line":617,"column":69}},"204":{"start":{"line":625,"column":3},"end":{"line":625,"column":46}},"205":{"start":{"line":631,"column":3},"end":{"line":691,"column":4}},"206":{"start":{"line":633,"column":4},"end":{"line":635,"column":5}},"207":{"start":{"line":634,"column":5},"end":{"line":634,"column":64}},"208":{"start":{"line":641,"column":4},"end":{"line":641,"column":51}},"209":{"start":{"line":643,"column":4},"end":{"line":688,"column":5}},"210":{"start":{"line":644,"column":5},"end":{"line":646,"column":6}},"211":{"start":{"line":645,"column":6},"end":{"line":645,"column":21}},"212":{"start":{"line":648,"column":5},"end":{"line":648,"column":28}},"213":{"start":{"line":649,"column":5},"end":{"line":649,"column":41}},"214":{"start":{"line":651,"column":5},"end":{"line":651,"column":22}},"215":{"start":{"line":653,"column":5},"end":{"line":653,"column":43}},"216":{"start":{"line":654,"column":5},"end":{"line":654,"column":36}},"217":{"start":{"line":655,"column":5},"end":{"line":655,"column":37}},"218":{"start":{"line":657,"column":5},"end":{"line":685,"column":6}},"219":{"start":{"line":658,"column":6},"end":{"line":671,"column":7}},"220":{"start":{"line":659,"column":7},"end":{"line":659,"column":32}},"221":{"start":{"line":661,"column":7},"end":{"line":661,"column":44}},"222":{"start":{"line":662,"column":7},"end":{"line":662,"column":23}},"223":{"start":{"line":663,"column":7},"end":{"line":663,"column":22}},"224":{"start":{"line":665,"column":7},"end":{"line":665,"column":44}},"225":{"start":{"line":666,"column":7},"end":{"line":666,"column":34}},"226":{"start":{"line":667,"column":7},"end":{"line":667,"column":22}},"227":{"start":{"line":669,"column":7},"end":{"line":669,"column":25}},"228":{"start":{"line":670,"column":7},"end":{"line":670,"column":25}},"229":{"start":{"line":673,"column":6},"end":{"line":673,"column":32}},"230":{"start":{"line":674,"column":6},"end":{"line":674,"column":28}},"231":{"start":{"line":676,"column":6},"end":{"line":684,"column":7}},"232":{"start":{"line":677,"column":7},"end":{"line":679,"column":8}},"233":{"start":{"line":678,"column":8},"end":{"line":678,"column":28}},"234":{"start":{"line":681,"column":7},"end":{"line":683,"column":8}},"235":{"start":{"line":682,"column":8},"end":{"line":682,"column":30}},"236":{"start":{"line":687,"column":5},"end":{"line":687,"column":20}},"237":{"start":{"line":690,"column":4},"end":{"line":690,"column":36}},"238":{"start":{"line":694,"column":3},"end":{"line":694,"column":37}},"239":{"start":{"line":696,"column":3},"end":{"line":698,"column":6}},"240":{"start":{"line":697,"column":4},"end":{"line":697,"column":25}},"241":{"start":{"line":700,"column":3},"end":{"line":700,"column":41}},"242":{"start":{"line":701,"column":3},"end":{"line":701,"column":34}},"243":{"start":{"line":702,"column":3},"end":{"line":702,"column":35}},"244":{"start":{"line":704,"column":3},"end":{"line":735,"column":4}},"245":{"start":{"line":705,"column":4},"end":{"line":719,"column":5}},"246":{"start":{"line":706,"column":5},"end":{"line":706,"column":43}},"247":{"start":{"line":708,"column":5},"end":{"line":710,"column":6}},"248":{"start":{"line":709,"column":6},"end":{"line":709,"column":62}},"249":{"start":{"line":713,"column":5},"end":{"line":713,"column":44}},"250":{"start":{"line":715,"column":5},"end":{"line":718,"column":6}},"251":{"start":{"line":717,"column":6},"end":{"line":717,"column":19}},"252":{"start":{"line":723,"column":4},"end":{"line":723,"column":30}},"253":{"start":{"line":724,"column":4},"end":{"line":724,"column":26}},"254":{"start":{"line":726,"column":4},"end":{"line":734,"column":5}},"255":{"start":{"line":727,"column":5},"end":{"line":729,"column":6}},"256":{"start":{"line":728,"column":6},"end":{"line":728,"column":26}},"257":{"start":{"line":731,"column":5},"end":{"line":733,"column":6}},"258":{"start":{"line":732,"column":6},"end":{"line":732,"column":28}},"259":{"start":{"line":737,"column":3},"end":{"line":737,"column":10}},"260":{"start":{"line":747,"column":3},"end":{"line":747,"column":41}},"261":{"start":{"line":748,"column":3},"end":{"line":748,"column":34}},"262":{"start":{"line":749,"column":3},"end":{"line":749,"column":35}},"263":{"start":{"line":751,"column":3},"end":{"line":774,"column":4}},"264":{"start":{"line":752,"column":4},"end":{"line":756,"column":5}},"265":{"start":{"line":753,"column":5},"end":{"line":753,"column":29}},"266":{"start":{"line":755,"column":5},"end":{"line":755,"column":20}},"267":{"start":{"line":762,"column":4},"end":{"line":762,"column":30}},"268":{"start":{"line":763,"column":4},"end":{"line":763,"column":26}},"269":{"start":{"line":765,"column":4},"end":{"line":773,"column":5}},"270":{"start":{"line":766,"column":5},"end":{"line":768,"column":6}},"271":{"start":{"line":767,"column":6},"end":{"line":767,"column":26}},"272":{"start":{"line":770,"column":5},"end":{"line":772,"column":6}},"273":{"start":{"line":771,"column":6},"end":{"line":771,"column":28}},"274":{"start":{"line":776,"column":3},"end":{"line":778,"column":4}},"275":{"start":{"line":777,"column":4},"end":{"line":777,"column":30}},"276":{"start":{"line":781,"column":3},"end":{"line":783,"column":4}},"277":{"start":{"line":782,"column":4},"end":{"line":782,"column":32}},"278":{"start":{"line":792,"column":3},"end":{"line":794,"column":4}},"279":{"start":{"line":793,"column":4},"end":{"line":793,"column":17}},"280":{"start":{"line":797,"column":3},"end":{"line":797,"column":41}},"281":{"start":{"line":798,"column":3},"end":{"line":798,"column":34}},"282":{"start":{"line":799,"column":3},"end":{"line":799,"column":35}},"283":{"start":{"line":801,"column":3},"end":{"line":840,"column":4}},"284":{"start":{"line":802,"column":4},"end":{"line":823,"column":5}},"285":{"start":{"line":803,"column":5},"end":{"line":803,"column":32}},"286":{"start":{"line":806,"column":5},"end":{"line":822,"column":8}},"287":{"start":{"line":807,"column":6},"end":{"line":809,"column":7}},"288":{"start":{"line":808,"column":7},"end":{"line":808,"column":19}},"289":{"start":{"line":812,"column":10},"end":{"line":822,"column":8}},"290":{"start":{"line":813,"column":7},"end":{"line":815,"column":8}},"291":{"start":{"line":814,"column":8},"end":{"line":814,"column":20}},"292":{"start":{"line":819,"column":8},"end":{"line":821,"column":9}},"293":{"start":{"line":820,"column":9},"end":{"line":820,"column":21}},"294":{"start":{"line":828,"column":4},"end":{"line":828,"column":30}},"295":{"start":{"line":829,"column":4},"end":{"line":829,"column":26}},"296":{"start":{"line":831,"column":4},"end":{"line":839,"column":5}},"297":{"start":{"line":832,"column
[...]
","\t\t\t\t\t};","","\t\t\t\t\treturn _result4;","\t\t\t\t}","","\t\t\t\t// if it's an npm module path (e.g. 'babel-runtime/core-js/object/assign'),","\t\t\t\t// can try to require() it from the requiring asset path","\t\t\t\tif ((0, _common.is_package_path)(required_path) && (0, _common.is_global_path)(module.filename)) {","\t\t\t\t\tvar _absolute_path = _requireHacker2.default.resolve(required_path, module);","","\t\t\t\t\tvar _result5 = {","\t\t\t\t\t\tsource: _requireHacker2.default.to_javascript_module_source(safe_require(_absolute_path, log)),","\t\t\t\t\t\tpath: _absolute_path","\t\t\t\t\t};","","\t\t\t\t\treturn _result5;","\t\t\t\t}","\t\t\t}","","\t\t\t// if it's still here then it means it's either a","\t\t\tfail();","\t\t}","\t});","","\tlog.debug('compiling assets');","","\t// timer start","\tvar began_at = new Date().getTime();","","\t// evaluate parsed assets source code","\tvar _iteratorNormalCompletion5 = true;","\tvar _didIteratorError5 = false;","\tvar _iteratorError5 = undefined;","","\ttry {","\t\tfor (var _iterator5 = (0, _getIterator3.default)((0, _keys2.default)(parsed_assets)), _step5; !(_iteratorNormalCompletion5 = (_step5 = _iterator5.next()).done); _iteratorNormalCompletion5 = true) {","\t\t\tvar asset_path = _step5.value;","","\t\t\tvar compile = true;","","\t\t\t// If this asset should be compiled at runtime then skip its compilation.","\t\t\t// (runtime compilation can be used for Webpack loaders returning","\t\t\t//  javascript functions or React component classes — stuff like that,","\t\t\t//  because it's not serializable to `webpack-assets.json`)","\t\t\tvar _iteratorNormalCompletion6 = true;","\t\t\tvar _didIteratorError6 = false;","\t\t\tvar _iteratorError6 = undefined;","","\t\t\ttry {","\t\t\t\tfor (var _iterator6 = (0, _getIterator3.default)((0, _keys2.default)(options.assets)), _step6; !(_iteratorNormalCompletion6 = (_step6 = _iterator6.next()).done); _iteratorNormalCompletion6 = true) {","\t\t\t\t\tvar _asset_type = _step6.value;","","\t\t\t\t\tif (options.regular_expressions[_asset_type].test(asset_path)) {","\t\t\t\t\t\tif (options.assets[_asset_type].runtime) {","\t\t\t\t\t\t\tcompile = false;","\t\t\t\t\t\t}","\t\t\t\t\t}","\t\t\t\t}","\t\t\t} catch (err) {","\t\t\t\t_didIteratorError6 = true;","\t\t\t\t_iteratorError6 = err;","\t\t\t} finally {","\t\t\t\ttry {","\t\t\t\t\tif (!_iteratorNormalCompletion6 && _iterator6.return) {","\t\t\t\t\t\t_iterator6.return();","\t\t\t\t\t}","\t\t\t\t} finally {","\t\t\t\t\tif (_didIteratorError6) {","\t\t\t\t\t\tthrow _iteratorError6;","\t\t\t\t\t}","\t\t\t\t}","\t\t\t}","","\t\t\tif (!compile) {","\t\t\t\toutput.assets[asset_path] = parsed_assets[asset_path];","\t\t\t\tcontinue;","\t\t\t}","","\t\t\t// set asset value","\t\t\tlog.debug('compiling asset \"' + asset_path + '\"');","\t\t\toutput.assets[asset_path] = safe_require(_path2.default.resolve(options.project_path, asset_path), log);","","\t\t\t// inside that require() call above","\t\t\t// all the assets are resolved relative to this `module`,","\t\t\t// which is irrelevant because they are all absolute filesystem paths.","\t\t\t//","\t\t\t// if in some of those assets a nested require() call is present","\t\t\t// then it will be resolved relative to that asset folder.","\t\t}","","\t\t// unmount the previously installed require() hook","\t} catch (err) {","\t\t_didIteratorError5 = true;","\t\t_iteratorError5 = err;","\t} finally {","\t\ttry {","\t\t\tif (!_iteratorNormalCompletion5 && _iterator5.return) {","\t\t\t\t_iterator5.return();","\t\t\t}","\t\t} finally {","\t\t\tif (_didIteratorError5) {","\t\t\t\tthrow _iteratorError5;","\t\t\t}","\t\t}","\t}","","\trequire_hook.unmount();","","\t// timer stop","\tlog.debug(' time taken: ' + (new Date().getTime() - began_at) + ' ms');","}","","function safe_require(path, log) {","\ttry {","\t\treturn require(path);","\t} catch (error) {","\t\tlog.error(error);","\t\treturn undefined;","\t}","}","","function extract_path(from) {","\tvar question_mark_index = from.indexOf('?');","\tif (question_mark_index === -1) {","\t\treturn from;","\t}","\treturn from.slice(0, question_mark_index);","}","//# sourceMappingURL=write assets.js.map"],"l":{"3":1,"7":1,"9":1,"11":1,"13":1,"15":1,"17":1,"19":1,"20":1,"22":1,"24":1,"26":1,"28":1,"30":1,"32":1,"34":1,"36":1,"38":1,"40":1,"42":7,"45":1,"46":0,"49":1,"50":0,"53":1,"54":0,"58":1,"60":0,"62":0,"65":0,"67":0,"69":0,"70":0,"74":0,"76":0,"80":0,"84":0,"87":0,"90":0,"92":0,"95":0,"119":0,"120":0,"122":0,"125":0,"130":0,"134":1,"136":0,"137":0,"141":0,"144":0,"145":0,"146":0,"151":0,"154":0,"155":0,"156":0,"161":1,"162":0,"164":0,"167":0,"168":0,"171":0,"174":0,"178":0,"183":0,"186":0,"190":0,"193":0,"194":0,"195":0,"197":0,"198":0,"199":0,"202":0,"205":0,"207":0,"209":0,"214":0,"215":0,"219":0,"220":0,"224":0,"225":0,"228":0,"231":0,"234":0,"238":0,"239":0,"243":0,"244":0,"245":0,"249":0,"252":0,"255":0,"257":0,"260":0,"261":0,"262":0,"263":0,"264":0,"265":0,"266":0,"267":0,"268":0,"275":0,"278":0,"281":0,"285":0,"288":0,"289":0,"294":0,"295":0,"297":0,"298":0,"299":0,"302":0,"303":0,"308":0,"309":0,"312":0,"314":0,"317":0,"318":0,"323":0,"336":0,"337":0,"347":0,"348":0,"350":0,"355":0,"358":0,"362":0,"364":0,"365":0,"366":0,"368":0,"369":0,"370":0,"371":0,"372":0,"373":0,"375":0,"376":0,"377":0,"379":0,"380":0,"381":0,"385":0,"386":0,"388":0,"389":0,"390":0,"393":0,"394":0,"402":0,"403":0,"405":0,"406":0,"407":0,"410":0,"411":0,"416":0,"417":0,"422":0,"427":0,"433":0,"434":0,"436":0,"437":0,"438":0,"440":0,"441":0,"442":0,"444":0,"458":0,"459":0,"461":0,"462":0,"463":0,"466":0,"467":0,"472":0,"473":0,"477":0,"480":0,"481":0,"487":0,"488":0,"493":0,"503":0,"506":0,"507":0,"511":0,"512":0,"517":0,"518":0,"521":0,"522":0,"524":0,"529":0,"534":0,"535":0,"537":0,"542":0,"547":0,"551":0,"554":0,"557":0,"558":0,"559":0,"561":0,"562":0,"563":0,"565":0,"571":0,"572":0,"573":0,"575":0,"576":0,"577":0,"579":0,"580":0,"581":0,"586":0,"587":0,"589":0,"590":0,"591":0,"594":0,"595":0,"600":0,"601":0,"602":0,"606":0,"607":0,"619":0,"620":0,"622":0,"623":0,"624":0,"627":0,"628":0,"633":0,"636":0,"639":1,"640":0,"641":0,"643":0,"644":0,"648":1,"649":0,"650":0,"651":0,"653":0}},"/home/travis/build/npmtest/node-npmtest-webpack-isomorphic-tools/node_modules/webpack-isomorphic-tools/babel-transpiled-modules/tools/serialize-javascript.js":{"path":"/home/travis/build/npmtest/node-npmtest-webpack-isomorphic-tools/node_modules/webpack-isomorphic-tools/babel-transpiled-modules/tools/serialize-javascript.js","s":{"1":1,"2":1,"3":1,"4":1,"5":1,"6":1,"7":1,"8":1,"9":1,"10":0,"11":0,"12":0,"13":0,"14":0,"15":0,"16":0,"17":0,"18":0,"19":0,"20":0,"21":0,"22":0,"23":0,"24":0,"25":0,"26":0,"27":0},"b":{"1":[1,0],"2":[1,1],"3":[0,0],"4":[0,0],"5":[0,0],"6":[0,0],"7":[0,0],"8":[0,0],"9":[0,0]},"f":{"1":1,"2":0,"3":0,"4":0},"fnMap":{"1":{"name":"_interopRequireDefault","line":13,"loc":{"start":{"line":13,"column":0},"end":{"line":13,"column":37}}},"2":{"name":"serialize","line":33,"loc":{"start":{"line":33,"column":0},"end":{"line":33,"column":24}}},"3":{"name":"(anonymous_3)","line":41,"loc":{"start":{"line":41,"column":40},"end":{"line":41,"column":62}}},"4":{"name":"(anonymous_4)","line":73,"loc":{"start":{"line":73,"column":43},"end":{"line":73,"column":73}}}},"statementMap":{"1":{"start":{"line":9,"column":0},"end":{"line":9,"column":65}},"2":{"start":{"line":11,"column":0},"end":{"line":11,"column":53}},"3":{"start":{"line":13,"column":0},"end":{"line":13,"column":95}},"4":{"start":{"line":13,"column":39},"end":{"line":13,"column":93}},"5":{"start":{"line":15,"column":0},"end":{"line":15,"column":27}},"6":{"start":{"line":17,"column":0},"end":{"line":17,"column":27}},"7":{"start":{"line":19,"column":0},"end":{"line":21,"column":47}},"8":{"start":{"line":25,"column":0},"end":{"line":31,"column":2}},"9":{"start":{"line":33,"column":0},"end":{"line":87,"column":1}},"10":{"start":{"line":34,"column":4},"end":{"line":36,"column":12}},"11":{"start":{"line":41,"column":4},"end":{"line":51,"column":7}},"12":{"start":{"line":42,"column":8},"end":{"line":44,"column":9}},"13":{"start":{"line":43,"column":12},"end":{"line":43,"column":72}},"14":{"start":{"line":46,"column":8},"end":{"line":48,"column":9}},"15":{"start":{"line":47,"column":12},"end":{"line":47,"column":68}},"16":{"start":{"line":50,"column":8},"end":{"line":50,"column":21}},"17":{"start":{"line":55,"column":4},"end":{"line":57,"column":5}},"18":{"start":{"line":56,"column":8},"end":{"line":56,"column":27}},"19":{"start":{"line":66,"column":4},"end":{"line":68,"column":5}},"20":{"start":{"line":67,"column":8},"end":{"line":67,"column":19}},"21":{"start":{"line":73,"column":4},"end":{"line":86,"column":7}},"22":{"start":{"line":74,"column":8},"end":{"line":76,"column":9}},"23":{"start":{"line":75,"column":12},"end":{"line":75,"column":45}},"24":{"start":{"line":78,"column":8},"end":{"line":79,"column":41}},"25":{"start":{"line":81,"column":8},"end":{"line":83,"column":9}},"26":{"start":{"line":82,"column":12},"end":{"line":82,"column":75}},"27":{"start":{"line":85,"column":8},"end":{"line":85,"column":28}}},"branchMap":{"1":{"line":13,"type":"cond-expr","locations":[{"start":{"line":13,"column":70},"end":{"line":13,"column":73}},{"start":{"line":13,"column":76},"end":{"line":13,"column":92}}]},"2":{"line":13,"type":"binary-expr","locations":[{"start":{"line":13,"column":46},"end":{"line":13,"column":49}},{"start":{"line":13,"column":53},"end":{"line":13,"column":67}}]},"3":{"line":42,"type":"if","locations":[{"start":{"line":42,"column":8},"end":{"line":42,"column":8}},{"start":{"line":42,"column":8},"end":{"line":42,"column":8}}]},"4":{"line":46,"type":"if","locations":[{"start":{"line":46,"column":8},"end":{"line":46,"column":8}},{"start":{"line":46,"column":8},"end":{"line":46,"column":8}}]},"5":{"line":55,"type":"if","locations":[{"start":{"line":55,"column":4},"end":{"line":55,"column":4}},{"start":{"line":55,"column":4},"end":{"line":55,"column":4}}]},"6":{"line":66,"type":"if","locations":[{"start":{"line":66,"column":4},"end":{"line":66,"column":4}},{"start":{"line":66,"column":4},"end":{"line":66,"column":4}}]},"7":{"line":66,"type":"binary-expr","locations":[{"start":{"line":66,"column":10},"end":{"line":66,"column":26}},{"start":{"line":66,"column":30},"end":{"line":66,"column":44}}]},"8":{"line":74,"type":"if","locations":[{"start":{"line":74,"column":8},"end":{"line":74,"column":8}},{"start":{"line":74,"column":8},"end":{"line":74,"column":8}}]},"9":{"line":81,"type":"if","locations":[{"start":{"line":81,"column":8},"end":{"line":81,"column":8}},{"start":{"line":81,"column":8},"end":{"line":81,"column":8}}]}},"code":["/*","Copyright (c) 2014, Yahoo! Inc. All rights reserved.","Copyrights licensed under the New BSD License.","See the accompanying LICENSE file for terms.","*/","","'use strict';","","var _stringify = require('babel-runtime/core-js/json/stringify');","","var _stringify2 = _interopRequireDefault(_stringify);","","function _interopRequireDefault(obj) { return obj && obj.__esModule ? obj : { default: obj }; }","","var util = require('util');","","module.exports = serialize;","","var IS_NATIVE_CODE_REGEX = /\\{\\s*\\[native code\\]\\s*\\}/g,","    PLACE_HOLDER_REGEX = /\"@__(FUNCTION|REGEXP)_(\\d+)__@\"/g,","    UNSAFE_CHARS_REGEX = /[<>\\/\\u2028\\u2029]/g;","","// Mapping of unsafe HTML and invalid JavaScript line terminator chars to their","// Unicode char counterparts which are safe to use in JavaScript strings.","var UNICODE_CHARS = {","    '<': '\\\\u003C',","    '>': '\\\\u003E',","    '/': '\\\\u002F',","    '\\u2028': '\\\\u2028',","    '\\u2029': '\\\\u2029'","};","","function serialize(obj) {","    var functions = [],","        regexps = [],","        str;","","    // Creates a JSON string representation of the object and uses placeholders","    // for functions and regexps (identified by index) which are later","    // replaced.","    str = (0, _stringify2.default)(obj, function (key, value) {","        if (typeof value === 'function') {","            return '@__FUNCTION_' + (functions.push(value) - 1) + '__@';","        }","","        if (util.isRegExp(value)) {","            return '@__REGEXP_' + (regexps.push(value) - 1) + '__@';","        }","","        return value;","    });","","    // Protects against `JSON.stringify()` returning `undefined`, by serializing","    // to the literal string: \"undefined\".","    if (typeof str !== 'string') {","        return String(str);","    }","","    // // Replace unsafe HTML and invalid JavaScript line terminator chars with","    // // their safe Unicode char counterpart. This _must_ happen before the","    // // regexps and functions are serialized and added back to the string.","    // str = str.replace(UNSAFE_CHARS_REGEX, function (unsafeChar) {","    //     return UNICODE_CHARS[unsafeChar];","    // });","","    if (!(functions.length || regexps.length)) {","        return str;","    }","","    // Replaces all occurrences of function and regexp placeholders in the JSON","    // string with their string representations. If the original value can not","    // be found, then `undefined` is used.","    return str.replace(PLACE_HOLDER_REGEX, function (match, type, index) {","        if (type === 'REGEXP') {","            return regexps[index].toString();","        }","","        var fn = functions[index],","            serializedFn = fn.toString();","","        if (IS_NATIVE_CODE_REGEX.test(serializedFn)) {","            throw new TypeError('Serializing native function: ' + fn.name);","        }","","        return serializedFn;","    });","}","//# sourceMappingURL=serialize-javascript.js.map"],"l":{"9":1,"11":1,"13":1,"15":1,"17":1,"19":1,"25":1,"33":1,"34":0,"41":0,"42":0,"43":0,"46":0,"47":0,"50":0,"55":0,"56":0,"66":0,"67":0,"73":0,"74":0,"75":0,"78":0,"81":0,"82":0,"85":0}},"/home/travis/build/npmtest/node-npmtest-webpack-isomorphic-tools/node_modules/webpack-isomorphic-tools/babel-transpiled-modules/plugin/notify stats.js":{"path":"/home/travis/build/npmtest/node-npmtest-webpack-isomorphic-tools/node_modules/webpack-isomorphic-tools/babel-transpiled-modules/plugin/notify stats.js","s":{"1":1,"2":1,"3":1,"4":1,"5":1,"6":1,"7":1,"8":0,"9":1,"10":0,"11":1,"12":1,"13":1,"14":0,"15":0,"16":0,"17":0,"18":0,"19":0,"20":0,"21":0,"22":0,"23":0,"24":0,"25":1},"b":{"1":[0,1],"2":[1,1],"3":[0,0],"4":[0,0],"5":[0,0],"6":[0,0],"7":[0,0],"8":[0,0,0],"9":[0,0],"10":[0,0]},"f":{"1":1,"2":0,"3":0,"4":0},"fnMap":{"1":{"name":"_interopRequireDefault","line":12,"loc":{"start":{"line":12,"column":0},"end":{"line":12,"column":37}}},"2":{"name":"error","line":14,"loc":{"start":{"line":14,"column":0},"end":{"line":14,"column":22}}},"3":{"name":"warning","line":18,"loc":{"start":{"line":18,"column":0},"end":{"line":18,"column":26}}},"4":{"name":"notify_stats","line":25,"loc":{"start":{"line":25,"column":0},"end":{"line":25,"column":44}}}},"statementMap":{"1":{"start":{"line":3,"column":0},"end":{"line":5,"column":3}},"2":{"start":{"line":6,"column":0},"end":{"line":6,"column":31}},"3":{"start":{"line":8,"column":0},"end":{"line":8,"column":35}},"4":{"start":{"line":10,"column":0},"end":{"line":10,"column":43}},"5":{"start":{"line":12,"column":0},"end":{"line":12,"column":95}},"6":{"start":{"line":12,"column":39},"end":{"line":12,"column":93}},"7":{"start":{"line":14,"column":0},"end":{"line":16,"column":1}},"8":{"start":{"line":15,"column":1},"end":{"line":15,"column":42}},"9":{"start":{"line":18,"column":0},"end":{"line":20,"column":1}},"10":{"start":{"line":19,"column":1},"end":{"line":19,"column":45}},"11":{"start":{"line":22,"column":0},"end":{"line":22,"column":21}},"12":{"start":{"line":23,"column":0},"end":{"line":23,"column":23}},"13":{"start":{"line":25,"column":0},"end":{"line":54,"column":1}},"14":{"start":{"line":27,"column":1},"end":{"line":30,"column":2}},"15":{"start":{"line":28,"column":2},"end":{"line":28,"column":20}},"16":{"start":{"line":29,"column":2},"end":{"line":29,"column":36}},"17":{"start":{"line":33,"column":1},"end":{"line":35,"column":2}},"18":{"start":{"line":34,"column":2},"end":{"line":34,"column":33}},"19":{"start":{"line":39,"column":1},"end":{"line":44,"column":2}},"20":{"start":{"line":41,"column":2},"end":{"line":41,"column":68}},"21":{"start":{"line":43,"column":2},"end":{"line":43,"column":21}},"22":{"start":{"line":46,"column":1},"end":{"line":53,"column":2}},"23":{"start":{"line":47,"column":2},"end":{"line":50,"column":6}},"24":{"start":{"line":52,"column":2},"end":{"line":52,"column":20}},"25":{"start":{"line":55,"column":0},"end":{"line":55,"column":36}}},"branchMap":{"1":{"line":12,"type":"cond-expr","locations":[{"start":{"line":12,"column":70},"end":{"line":12,"column":73}},{"start":{"line":12,"column":76},"end":{"line":12,"column":92}}]},"2":{"line":12,"type":"binary-expr","locations":[{"start":{"line":12,"column":46},"end":{"line":12,"column":49}},{"start":{"line":12,"column":53},"end":{"line":12,"column":67}}]},"3":{"line":27,"type":"if","locations":[{"start":{"line":27,"column":1},"end":{"line":27,"column":1}},{"start":{"line":27,"column":1},"end":{"line":27,"column":1}}]},"4":{"line":27,"type":"binary-expr","locations":[{"start":{"line":27,"column":5},"end":{"line":27,"column":16}},{"start":{"line":27,"column":20},"end":{"line":27,"column":42}}]},"5":{"line":33,"type":"if","locations":[{"start":{"line":33,"column":1},"end":{"line":33,"column":1}},{"start":{"line":33,"column":1},"end":{"line":33,"column":1}}]},"6":{"line":33,"type":"binary-expr","locations":[{"start":{"line":33,"column":5},"end":{"line":33,"column":18}},{"start":{"line":33,"column":22},"end":{"line":33,"column":46}}]},"7":{"line":39,"type":"if","locations":[{"start":{"line":39,"column":1},"end":{"line":39,"column":1}},{"start":{"line":39,"column":1},"end":{"line":39,"column":1}}]},"8":{"line":39,"type":"binary-expr","locations":[{"start":{"line":39,"column":5},"end":{"line":39,"column":13}},{"start":{"line":39,"column":17},"end":{"line":39,"column":27}},{"start":{"line":39,"column":31},"end":{"line":39,"column":41}}]},"9":{"line":46,"type":"if","locations":[{"start":{"line":46,"column":1},"end":{"line":46,"column":1}},{"start":{"line":46,"column":1},"end":{"line":46,"column":1}}]},"10":{"line":46,"type":"binary-expr","locations":[{"start":{"line":46,"column":5},"end":{"line":46,"column":12}},{"start":{"line":46,"column":16},"end":{"line":46,"column":25}}]}},"code":["'use strict';","","Object.defineProperty(exports, \"__esModule\", {","\tvalue: true","});","exports.default = notify_stats;","","var _safe = require('colors/safe');","","var _safe2 = _interopRequireDefault(_safe);","","function _interopRequireDefault(obj) { return obj && obj.__esModule ? obj : { default: obj }; }","","function error(error) {","\tconsole.error(_safe2.default.red(error));","} // outputs webpack stats to console if there are no errors or warnings","","function warning(warning) {","\tconsole.log(_safe2.default.yellow(warning));","}","","var first_run = true;","var was_faulty = false;","","function notify_stats(stats, json, verbose) {","\t// if there were any errors","\tif (json.errors && json.errors.length > 0) {","\t\twas_faulty = true;","\t\treturn json.errors.forEach(error);","\t}","","\t// if there were any warnings","\tif (json.warnings && json.warnings.length > 0) {","\t\tjson.warnings.forEach(warning);","\t}","","\t// if it's ok","","\tif (!verbose && !first_run && was_faulty) {","\t\t// green colour","\t\tconsole.log(_safe2.default.green('~ Webpack build status: OK ~'));","","\t\twas_faulty = false;","\t}","","\tif (verbose || first_run) {","\t\tconsole.log(stats.toString({","\t\t\tchunks: false,","\t\t\tcolors: true","\t\t}));","","\t\tfirst_run = false;","\t}","}","module.exports = exports['default'];","//# sourceMappingURL=notify stats.js.map"],"l":{"3":1,"6":1,"8":1,"10":1,"12":1,"14":1,"15":0,"18":1,"19":0,"22":1,"23":1,"25":1,"27":0,"28":0,"29":0,"33":0,"34":0,"39":0,"41":0,"43":0,"46":0,"47":0,"52":0,"55":1}}}